30.11 14:37:00 LOADPARM: Loaded 'gate.dll' (73800000)
30.11 14:37:00 GATE: Loaded 'C:\Users\bro\Desktop\CI00078528-D-33-3\Soft\PC_STUB\WIN\sb_kernel.dll' (73770000)
30.11 14:37:00 SBKRNL: Loaded 'C:\Users\bro\Desktop\CI00078528-D-33-3\Soft\PC_STUB\WIN\dialog_forms.dll' (71650000)
30.11 14:37:00 SBKRNL: Command = 10
30.11 14:37:00 SBKRNL: MSBuild. Version:33.03.05
30.11 14:37:20 SBKRNL: Port timeouts:4294967295-0-0
30.11 14:37:20 SBKRNL: Open com 19 (115200)
30.11 14:37:20 SBKRNL: Pinpad status timeout 0 s
30.11 14:37:20 SBKRNL: WaitPinpadSeconds=0
30.11 14:37:20 SBKRNL: WaitPinpadSeconds=0
30.11 14:37:20 SBKRNL: Start tmo 140200
30.11 14:37:20 SBKRNL: RegOpenKeyEx(... SOFTWARE\SBRF\POS\Session ...) =2
30.11 14:37:20 SBKRNL: ClientAddress value (hex) = 
30.11 14:37:23 SBKRNL: Connecting to 194.54.14.89, port 700
30.11 14:37:23 SBKRNL: Start connection
30.11 14:37:24 SBKRNL: Connect OK
30.11 14:37:25 SBKRNL: Close socket 956
30.11 14:37:25 SBKRNL: Connecting to 194.54.14.89, port 650
30.11 14:37:25 SBKRNL: Start connection
30.11 14:37:25 SBKRNL: Connect OK
30.11 14:37:26 SBKRNL: RegOpenKeyEx(... SOFTWARE\SBRF\POS\Session ...) =2
30.11 14:37:26 SBKRNL: ClientAddress value (hex) = 
30.11 14:37:27 SBKRNL: Close socket 972
30.11 14:37:28 SBKRNL: Close com 19
30.11 14:37:28 SBKRNL: Result  = 0
30.11 14:37:28 SBKRNL: Unloaded 'dialog_forms.dll' (71650000)
30.11 14:37:28 SBKRNL: DialogFormsFree() Unload Ok.
30.11 14:37:28 GATE: Unloaded 'sb_kernel.dll' (73770000)
30.11 14:37:28 LOADPARM: Unloaded 'gate.dll' (73800000)
30.11 14:38:04 LOADPARM: Loaded 'gate.dll' (73CC0000)
30.11 14:38:04 GATE: Loaded 'C:\Users\bro\Desktop\CI00078528-D-33-3\Soft\PC_STUB\WIN\sb_kernel.dll' (73C30000)
30.11 14:38:04 SBKRNL: Loaded 'C:\Users\bro\Desktop\CI00078528-D-33-3\Soft\PC_STUB\WIN\dialog_forms.dll' (71650000)
30.11 14:38:04 SBKRNL: Command = 11  39 1
30.11 14:38:04 SBKRNL: MSBuild. Version:33.03.05
30.11 14:38:04 SBKRNL: Port timeouts:4294967295-0-0
30.11 14:38:04 SBKRNL: Open com 19 (115200)
30.11 14:38:04 SBKRNL: Pinpad status timeout 0 s
30.11 14:38:04 SBKRNL: WaitPinpadSeconds=0
30.11 14:38:04 SBKRNL: WaitPinpadSeconds=0
30.11 14:38:04 SBKRNL: Start tmo 140200
30.11 14:38:10 SBKRNL: Connecting to 194.54.14.89, port 700
30.11 14:38:10 SBKRNL: Start connection
30.11 14:38:10 SBKRNL: Connect OK
30.11 14:38:19 SBKRNL: Close socket 1016
30.11 14:38:20 SBKRNL: Close com 19
30.11 14:38:20 SBKRNL: Result  = 0
30.11 14:38:20 SBKRNL: Unloaded 'dialog_forms.dll' (71650000)
30.11 14:38:20 SBKRNL: DialogFormsFree() Unload Ok.
30.11 14:38:20 GATE: Unloaded 'sb_kernel.dll' (73C30000)
30.11 14:38:20 LOADPARM: Unloaded 'gate.dll' (73CC0000)
30.11 14:38:26 LOADPARM: Loaded 'gate.dll' (73CC0000)
30.11 14:38:26 GATE: Loaded 'C:\Users\bro\Desktop\CI00078528-D-33-3\Soft\PC_STUB\WIN\sb_kernel.dll' (73C30000)
30.11 14:38:26 SBKRNL: Loaded 'C:\Users\bro\Desktop\CI00078528-D-33-3\Soft\PC_STUB\WIN\dialog_forms.dll' (71650000)
30.11 14:38:26 SBKRNL: Command = 11  39 1
30.11 14:38:26 SBKRNL: MSBuild. Version:33.03.05
30.11 14:38:26 SBKRNL: Port timeouts:4294967295-0-0
30.11 14:38:26 SBKRNL: Open com 19 (115200)
30.11 14:38:26 SBKRNL: Pinpad status timeout 0 s
30.11 14:38:26 SBKRNL: WaitPinpadSeconds=0
30.11 14:38:26 SBKRNL: WaitPinpadSeconds=0
30.11 14:38:26 SBKRNL: Start tmo 140200
30.11 14:38:31 SBKRNL: Connecting to 194.54.14.89, port 700
30.11 14:38:31 SBKRNL: Start connection
30.11 14:38:31 SBKRNL: Connect OK
30.11 14:38:40 SBKRNL: Close socket 1100
30.11 14:38:41 SBKRNL: Close com 19
30.11 14:38:41 SBKRNL: Result  = 0
30.11 14:38:41 SBKRNL: Unloaded 'dialog_forms.dll' (71650000)
30.11 14:38:41 SBKRNL: DialogFormsFree() Unload Ok.
30.11 14:38:41 GATE: Unloaded 'sb_kernel.dll' (73C30000)
30.11 14:38:41 LOADPARM: Unloaded 'gate.dll' (73CC0000)
30.11 14:39:32 LOADPARM: Loaded 'gate.dll' (73CC0000)
30.11 14:39:32 GATE: Loaded 'C:\Users\bro\Desktop\CI00078528-D-33-3\Soft\PC_STUB\WIN\sb_kernel.dll' (73C30000)
30.11 14:39:32 SBKRNL: Loaded 'C:\Users\bro\Desktop\CI00078528-D-33-3\Soft\PC_STUB\WIN\dialog_forms.dll' (71650000)
30.11 14:39:32 SBKRNL: Command = 11  39 1
30.11 14:39:32 SBKRNL: MSBuild. Version:33.03.05
30.11 14:39:32 SBKRNL: Port timeouts:4294967295-0-0
30.11 14:39:32 SBKRNL: Open com 19 (115200)
30.11 14:39:32 SBKRNL: Pinpad status timeout 0 s
30.11 14:39:32 SBKRNL: WaitPinpadSeconds=0
30.11 14:39:32 SBKRNL: WaitPinpadSeconds=0
30.11 14:39:32 SBKRNL: Start tmo 140200
30.11 14:39:41 SBKRNL: Connecting to 194.54.14.89, port 700
30.11 14:39:41 SBKRNL: Start connection
30.11 14:39:42 SBKRNL: Connect OK
30.11 14:39:49 SBKRNL: Socket 1440 send error:10054
30.11 14:39:49 SBKRNL: Close socket 1440
30.11 14:39:49 SBKRNL: Connecting to 194.54.14.89, port 700
30.11 14:39:49 SBKRNL: Start connection
30.11 14:39:49 SBKRNL: Connect OK
30.11 14:40:01 SBKRNL: Close socket 1768
30.11 14:40:03 SBKRNL: Close com 19
30.11 14:40:03 SBKRNL: Result  = 0
30.11 14:40:03 SBKRNL: Unloaded 'dialog_forms.dll' (71650000)
30.11 14:40:03 SBKRNL: DialogFormsFree() Unload Ok.
30.11 14:40:03 GATE: Unloaded 'sb_kernel.dll' (73C30000)
30.11 14:40:03 LOADPARM: Unloaded 'gate.dll' (73CC0000)
30.11 14:41:17 LOADPARM: Loaded 'gate.dll' (73CC0000)
30.11 14:41:17 GATE: Loaded 'C:\Users\bro\Desktop\CI00078528-D-33-3\Soft\PC_STUB\WIN\sb_kernel.dll' (73C30000)
30.11 14:41:17 SBKRNL: Loaded 'C:\Users\bro\Desktop\CI00078528-D-33-3\Soft\PC_STUB\WIN\dialog_forms.dll' (71650000)
30.11 14:41:17 SBKRNL: Command = 11  11
30.11 14:41:17 SBKRNL: MSBuild. Version:33.03.05
30.11 14:41:17 SBKRNL: Port timeouts:4294967295-0-0
30.11 14:41:17 SBKRNL: Open com 19 (115200)
30.11 14:41:17 SBKRNL: Pinpad status timeout 0 s
30.11 14:41:17 SBKRNL: WaitPinpadSeconds=0
30.11 14:41:17 SBKRNL: WaitPinpadSeconds=0
30.11 14:41:17 SBKRNL: Start tmo 140200
30.11 14:41:17 SBKRNL: RegOpenKeyEx(... SOFTWARE\SBRF\POS\Session ...) =2
30.11 14:41:17 SBKRNL: ClientAddress value (hex) = 
30.11 14:41:51 SBKRNL: Close com 19
30.11 14:41:51 SBKRNL: Result  = 0
30.11 14:41:51 SBKRNL: Unloaded 'dialog_forms.dll' (71650000)
30.11 14:41:51 SBKRNL: DialogFormsFree() Unload Ok.
30.11 14:41:51 GATE: Unloaded 'sb_kernel.dll' (73C30000)
30.11 14:41:51 LOADPARM: Unloaded 'gate.dll' (73CC0000)
30.11 14:42:00 LOADPARM: Loaded 'gate.dll' (73CC0000)
30.11 14:42:00 GATE: Loaded 'C:\Users\bro\Desktop\CI00078528-D-33-3\Soft\PC_STUB\WIN\sb_kernel.dll' (73C30000)
30.11 14:42:00 SBKRNL: Loaded 'C:\Users\bro\Desktop\CI00078528-D-33-3\Soft\PC_STUB\WIN\dialog_forms.dll' (71650000)
30.11 14:42:00 SBKRNL: MSBuild. Version:33.03.05
30.11 14:42:00 SBKRNL: Port timeouts:4294967295-0-0
30.11 14:42:00 SBKRNL: Open com 19 (115200)
30.11 14:42:00 SBKRNL: Close com 19
30.11 14:42:00 SBKRNL: Command = 11  1 7
30.11 14:42:00 SBKRNL: MSBuild. Version:33.03.05
30.11 14:42:00 SBKRNL: Port timeouts:4294967295-0-0
30.11 14:42:00 SBKRNL: Open com 19 (115200)
30.11 14:42:00 SBKRNL: Pinpad status timeout 0 s
30.11 14:42:00 SBKRNL: WaitPinpadSeconds=0
30.11 14:42:00 SBKRNL: WaitPinpadSeconds=0
30.11 14:42:00 SBKRNL: Start tmo 140200
30.11 14:42:11 SBKRNL: Send biometry command
30.11 14:42:17 SBKRNL: Connecting to 194.54.14.89, port 700
30.11 14:42:17 SBKRNL: Start connection
30.11 14:42:18 SBKRNL: Connect OK
30.11 14:42:25 SBKRNL: Close socket 1720
30.11 14:42:28 SBKRNL: Close com 19
30.11 14:42:28 SBKRNL: Result  = 403
30.11 14:42:28 GATE: Error 126 on loading 'C:\Users\bro\Desktop\CI00078528-D-33-3\Soft\PC_STUB\WIN\updater.dll'
30.11 14:42:28 GATE: Error 126 on loading 'updater.dll' by module
30.11 14:42:28 SBKRNL: Unloaded 'dialog_forms.dll' (71650000)
30.11 14:42:28 SBKRNL: DialogFormsFree() Unload Ok.
30.11 14:42:28 GATE: Unloaded 'sb_kernel.dll' (73C30000)
30.11 14:42:28 LOADPARM: Unloaded 'gate.dll' (73CC0000)
30.11 14:42:45 LOADPARM: Loaded 'gate.dll' (73CC0000)
30.11 14:42:45 GATE: Loaded 'C:\Users\bro\Desktop\CI00078528-D-33-3\Soft\PC_STUB\WIN\sb_kernel.dll' (73C30000)
30.11 14:42:45 SBKRNL: Loaded 'C:\Users\bro\Desktop\CI00078528-D-33-3\Soft\PC_STUB\WIN\dialog_forms.dll' (71650000)
30.11 14:42:45 SBKRNL: Command = 11  1 200
30.11 14:42:45 SBKRNL: MSBuild. Version:33.03.05
30.11 14:42:45 SBKRNL: Port timeouts:4294967295-0-0
30.11 14:42:45 SBKRNL: Open com 19 (115200)
30.11 14:42:45 SBKRNL: Pinpad status timeout 0 s
30.11 14:42:45 SBKRNL: WaitPinpadSeconds=0
30.11 14:42:45 SBKRNL: WaitPinpadSeconds=0
30.11 14:42:45 SBKRNL: Start tmo 140200
30.11 14:42:57 SBKRNL: Send biometry command
30.11 14:43:28 SBKRNL: Close com 19
30.11 14:43:28 SBKRNL: Clear cheque on error 2000
30.11 14:43:28 SBKRNL: Result  = 2000
30.11 14:43:28 SBKRNL: Unloaded 'dialog_forms.dll' (71650000)
30.11 14:43:28 SBKRNL: DialogFormsFree() Unload Ok.
30.11 14:43:28 GATE: Unloaded 'sb_kernel.dll' (73C30000)
30.11 14:43:28 LOADPARM: Unloaded 'gate.dll' (73CC0000)
30.11 14:44:14 LOADPARM: Loaded 'gate.dll' (73CC0000)
30.11 14:44:14 GATE: Loaded 'C:\Users\bro\Desktop\CI00078528-D-33-3\Soft\PC_STUB\WIN\sb_kernel.dll' (73C30000)
30.11 14:44:14 SBKRNL: Loaded 'C:\Users\bro\Desktop\CI00078528-D-33-3\Soft\PC_STUB\WIN\dialog_forms.dll' (71650000)
30.11 14:44:14 SBKRNL: Command = 11  39 1
30.11 14:44:14 SBKRNL: MSBuild. Version:33.03.05
30.11 14:44:14 SBKRNL: Port timeouts:4294967295-0-0
30.11 14:44:14 SBKRNL: Open com 19 (115200)
30.11 14:44:15 SBKRNL: Pinpad status timeout 0 s
30.11 14:44:15 SBKRNL: WaitPinpadSeconds=0
30.11 14:44:15 SBKRNL: WaitPinpadSeconds=0
30.11 14:44:15 SBKRNL: Start tmo 140200
30.11 14:45:07 SBKRNL: Close com 19
30.11 14:45:07 SBKRNL: Result  = 2000
30.11 14:45:07 SBKRNL: Unloaded 'dialog_forms.dll' (71650000)
30.11 14:45:07 SBKRNL: DialogFormsFree() Unload Ok.
30.11 14:45:07 GATE: Unloaded 'sb_kernel.dll' (73C30000)
30.11 14:45:07 LOADPARM: Unloaded 'gate.dll' (73CC0000)
30.11 14:45:34 LOADPARM: Loaded 'gate.dll' (73CC0000)
30.11 14:45:34 GATE: Loaded 'C:\Users\bro\Desktop\CI00078528-D-33-3\Soft\PC_STUB\WIN\sb_kernel.dll' (73C30000)
30.11 14:45:34 SBKRNL: Loaded 'C:\Users\bro\Desktop\CI00078528-D-33-3\Soft\PC_STUB\WIN\dialog_forms.dll' (71650000)
30.11 14:45:34 SBKRNL: Command = 11  39 1
30.11 14:45:34 SBKRNL: MSBuild. Version:33.03.05
30.11 14:45:34 SBKRNL: Port timeouts:4294967295-0-0
30.11 14:45:34 SBKRNL: Open com 19 (115200)
30.11 14:45:34 SBKRNL: Pinpad status timeout 0 s
30.11 14:45:34 SBKRNL: WaitPinpadSeconds=0
30.11 14:45:34 SBKRNL: WaitPinpadSeconds=0
30.11 14:45:34 SBKRNL: Start tmo 140200
30.11 14:45:41 SBKRNL: Connecting to 194.54.14.89, port 700
30.11 14:45:41 SBKRNL: Start connection
30.11 14:45:42 SBKRNL: Connect OK
30.11 14:45:49 SBKRNL: Socket 1000 send error:10054
30.11 14:45:49 SBKRNL: Close socket 1000
30.11 14:45:49 SBKRNL: Connecting to 194.54.14.89, port 700
30.11 14:45:49 SBKRNL: Start connection
30.11 14:45:49 SBKRNL: Connect OK
30.11 14:46:02 SBKRNL: Close socket 1000
30.11 14:46:03 SBKRNL: Close com 19
30.11 14:46:03 SBKRNL: Result  = 0
30.11 14:46:04 SBKRNL: Unloaded 'dialog_forms.dll' (71650000)
30.11 14:46:04 SBKRNL: DialogFormsFree() Unload Ok.
30.11 14:46:04 GATE: Unloaded 'sb_kernel.dll' (73C30000)
30.11 14:46:04 LOADPARM: Unloaded 'gate.dll' (73CC0000)
30.11 14:46:10 LOADPARM: Loaded 'gate.dll' (73CC0000)
30.11 14:46:10 GATE: Loaded 'C:\Users\bro\Desktop\CI00078528-D-33-3\Soft\PC_STUB\WIN\sb_kernel.dll' (73C30000)
30.11 14:46:10 SBKRNL: Loaded 'C:\Users\bro\Desktop\CI00078528-D-33-3\Soft\PC_STUB\WIN\dialog_forms.dll' (71650000)
30.11 14:46:10 SBKRNL: Command = 11  39 1
30.11 14:46:10 SBKRNL: MSBuild. Version:33.03.05
30.11 14:46:10 SBKRNL: Port timeouts:4294967295-0-0
30.11 14:46:10 SBKRNL: Open com 19 (115200)
30.11 14:46:10 SBKRNL: Pinpad status timeout 0 s
30.11 14:46:10 SBKRNL: WaitPinpadSeconds=0
30.11 14:46:10 SBKRNL: WaitPinpadSeconds=0
30.11 14:46:10 SBKRNL: Start tmo 140200
30.11 14:46:17 SBKRNL: Connecting to 194.54.14.89, port 700
30.11 14:46:17 SBKRNL: Start connection
30.11 14:46:17 SBKRNL: Connect OK
30.11 14:46:26 SBKRNL: Close socket 1060
30.11 14:46:27 SBKRNL: Close com 19
30.11 14:46:27 SBKRNL: Result  = 0
30.11 14:46:27 SBKRNL: Unloaded 'dialog_forms.dll' (71650000)
30.11 14:46:27 SBKRNL: DialogFormsFree() Unload Ok.
30.11 14:46:27 GATE: Unloaded 'sb_kernel.dll' (73C30000)
30.11 14:46:27 LOADPARM: Unloaded 'gate.dll' (73CC0000)
30.11 17:06:32 LOADPARM: Loaded 'gate.dll' (73CC0000)
30.11 17:06:32 GATE: Loaded 'C:\Users\bro\Desktop\CI00078528-D-33-3\Soft\PC_STUB\WIN\sb_kernel.dll' (73C30000)
30.11 17:06:32 SBKRNL: Loaded 'C:\Users\bro\Desktop\CI00078528-D-33-3\Soft\PC_STUB\WIN\dialog_forms.dll' (71650000)
30.11 17:06:32 SBKRNL: Command = 11  39 1
30.11 17:06:32 SBKRNL: MSBuild. Version:33.03.05
30.11 17:06:32 SBKRNL: Port timeouts:4294967295-0-0
30.11 17:06:32 SBKRNL: Open com 19 (115200)
30.11 17:06:32 SBKRNL: Pinpad status timeout 0 s
30.11 17:06:32 SBKRNL: WaitPinpadSeconds=0
30.11 17:06:32 SBKRNL: WaitPinpadSeconds=0
30.11 17:06:32 SBKRNL: Start tmo 140200
30.11 17:07:05 SBKRNL: Connecting to 194.54.14.89, port 700
30.11 17:07:05 SBKRNL: Start connection
30.11 17:07:05 SBKRNL: Connect OK
30.11 17:07:16 SBKRNL: Close socket 1060
30.11 17:07:18 SBKRNL: Close com 19
30.11 17:07:18 SBKRNL: Result  = 0
30.11 17:07:18 SBKRNL: Unloaded 'dialog_forms.dll' (71650000)
30.11 17:07:18 SBKRNL: DialogFormsFree() Unload Ok.
30.11 17:07:18 GATE: Unloaded 'sb_kernel.dll' (73C30000)
30.11 17:07:18 LOADPARM: Unloaded 'gate.dll' (73CC0000)
30.11 17:22:56 LOADPARM: Loaded 'gate.dll' (73780000)
30.11 17:22:56 GATE: Loaded 'C:\Users\bro\Desktop\CI00078528-D-33-3\Soft\PC_STUB\WIN\sb_kernel.dll' (71B50000)
30.11 17:22:56 SBKRNL: Loaded 'C:\Users\bro\Desktop\CI00078528-D-33-3\Soft\PC_STUB\WIN\dialog_forms.dll' (6F640000)
30.11 17:22:56 SBKRNL: MSBuild. Version:33.03.05
30.11 17:22:56 SBKRNL: Port timeouts:4294967295-0-0
30.11 17:22:56 SBKRNL: Open com 19 (115200)
30.11 17:22:56 SBKRNL: Close com 19
30.11 17:22:56 SBKRNL: Command = 11  1 7
30.11 17:22:56 SBKRNL: MSBuild. Version:33.03.05
30.11 17:22:56 SBKRNL: Port timeouts:4294967295-0-0
30.11 17:22:56 SBKRNL: Open com 19 (115200)
30.11 17:22:56 SBKRNL: Pinpad status timeout 0 s
30.11 17:22:56 SBKRNL: WaitPinpadSeconds=0
30.11 17:22:56 SBKRNL: WaitPinpadSeconds=0
30.11 17:22:56 SBKRNL: Start tmo 140200
30.11 17:23:38 LOADPARM: Loaded 'gate.dll' (73780000)
30.11 17:23:43 GATE: lock failed:'000000F8' 'UPOSWINMUTEX2_19'
30.11 17:23:43 LOADPARM: GATE.DLL busy. Please complete previous operation.
30.11 17:23:48 GATE: lock failed:'000000CC' 'UPOSWINMUTEX2_19'
30.11 17:23:48 LOADPARM: Unloaded 'gate.dll' (73780000)
30.11 17:24:05 LOADPARM: Loaded 'gate.dll' (73780000)
30.11 17:24:10 GATE: lock failed:'000000F4' 'UPOSWINMUTEX2_19'
30.11 17:24:10 LOADPARM: GATE.DLL busy. Please complete previous operation.
30.11 17:24:15 GATE: lock failed:'000000F8' 'UPOSWINMUTEX2_19'
30.11 17:24:15 LOADPARM: Unloaded 'gate.dll' (73780000)
30.11 17:24:23 LOADPARM: Loaded 'gate.dll' (73780000)
30.11 17:24:28 GATE: lock failed:'000000FC' 'UPOSWINMUTEX2_19'
30.11 17:24:28 LOADPARM: GATE.DLL busy. Please complete previous operation.
30.11 17:24:29 SBKRNL: Close com 19
30.11 17:24:29 SBKRNL: Clear cheque on error 2000
30.11 17:24:30 SBKRNL: Result  = 2000
30.11 17:24:30 GATE: Error 126 on loading 'C:\Users\bro\Desktop\CI00078528-D-33-3\Soft\PC_STUB\WIN\updater.dll'
30.11 17:24:30 GATE: Error 126 on loading 'updater.dll' by module
30.11 17:24:30 GATE: Loaded 'C:\Users\bro\Desktop\CI00078528-D-33-3\Soft\PC_STUB\WIN\sb_kernel.dll' (71B50000)
30.11 17:24:30 GATE: Unloaded 'sb_kernel.dll' (71B50000)
30.11 17:24:30 LOADPARM: Unloaded 'gate.dll' (73780000)
000)
30.11 17:24:30 SBKRNL: DialogFormsFree() Unload Ok.
30.11 17:24:30 GATE: Unloaded 'sb_kernel.dll' (71B50000)
30.11 17:24:30 LOADPARM: Unloaded 'gate.dll' (73780000)
30.11 17:24:33 LOADPARM: Loaded 'gate.dll' (73780000)
30.11 17:24:33 GATE: Loaded 'C:\Users\bro\Desktop\CI00078528-D-33-3\Soft\PC_STUB\WIN\sb_kernel.dll' (71B50000)
30.11 17:24:33 SBKRNL: Loaded 'C:\Users\bro\Desktop\CI00078528-D-33-3\Soft\PC_STUB\WIN\dialog_forms.dll' (6F640000)
30.11 17:24:33 SBKRNL: Command = 11  11
30.11 17:24:33 SBKRNL: MSBuild. Version:33.03.05
30.11 17:24:33 SBKRNL: Port timeouts:4294967295-0-0
30.11 17:24:33 SBKRNL: Open com 19 (115200)
30.11 17:24:33 SBKRNL: Pinpad status timeout 0 s
30.11 17:24:33 SBKRNL: WaitPinpadSeconds=0
30.11 17:24:33 SBKRNL: WaitPinpadSeconds=0
30.11 17:24:33 SBKRNL: Start tmo 140200
30.11 17:24:33 SBKRNL: RegOpenKeyEx(... SOFTWARE\SBRF\POS\Session ...) =2
30.11 17:24:33 SBKRNL: ClientAddress value (hex) = 
30.11 17:24:46 SBKRNL: Connecting to 194.54.14.89, port 700
30.11 17:24:46 SBKRNL: Start connection
30.11 17:24:47 SBKRNL: Connect OK
30.11 17:24:48 SBKRNL: Close socket 968
30.11 17:24:48 SBKRNL: Connecting to 194.54.14.89, port 650
30.11 17:24:48 SBKRNL: Start connection
30.11 17:24:48 SBKRNL: Connect OK
30.11 17:24:49 SBKRNL: RegOpenKeyEx(... SOFTWARE\SBRF\POS\Session ...) =2
30.11 17:24:49 SBKRNL: ClientAddress value (hex) = 
30.11 17:24:49 SBKRNL: Close socket 1020
30.11 17:24:50 SBKRNL: Close com 19
30.11 17:24:50 SBKRNL: Result  = 0
30.11 17:24:50 SBKRNL: Unloaded 'dialog_forms.dll' (6F640000)
30.11 17:24:50 SBKRNL: DialogFormsFree() Unload Ok.
30.11 17:24:50 GATE: Unloaded 'sb_kernel.dll' (71B50000)
30.11 17:24:50 LOADPARM: Unloaded 'gate.dll' (73780000)
30.11 17:24:55 LOADPARM: Loaded 'gate.dll' (73780000)
30.11 17:24:55 GATE: Loaded 'C:\Users\bro\Desktop\CI00078528-D-33-3\Soft\PC_STUB\WIN\sb_kernel.dll' (71B50000)
30.11 17:24:55 SBKRNL: Loaded 'C:\Users\bro\Desktop\CI00078528-D-33-3\Soft\PC_STUB\WIN\dialog_forms.dll' (6F640000)
30.11 17:24:55 SBKRNL: Command = 11  11
30.11 17:24:55 SBKRNL: MSBuild. Version:33.03.05
30.11 17:24:55 SBKRNL: Port timeouts:4294967295-0-0
30.11 17:24:55 SBKRNL: Open com 19 (115200)
30.11 17:24:55 SBKRNL: Pinpad status timeout 0 s
30.11 17:24:55 SBKRNL: WaitPinpadSeconds=0
30.11 17:24:55 SBKRNL: WaitPinpadSeconds=0
30.11 17:24:55 SBKRNL: Start tmo 140200
30.11 17:24:55 SBKRNL: RegOpenKeyEx(... SOFTWARE\SBRF\POS\Session ...) =2
30.11 17:24:55 SBKRNL: ClientAddress value (hex) = 
30.11 17:25:04 SBKRNL: RegOpenKeyEx(... SOFTWARE\SBRF\POS\Session ...) =2
30.11 17:25:04 SBKRNL: ClientAddress value (hex) = 
30.11 17:25:15 SBKRNL: Connecting to 194.54.14.89, port 666
30.11 17:25:15 SBKRNL: Start connection
30.11 17:25:15 SBKRNL: Connect OK
30.11 17:25:17 SBKRNL: RegOpenKeyEx(... SOFTWARE\SBRF\POS\Session ...) =2
30.11 17:25:17 SBKRNL: ClientAddress value (hex) = 
30.11 17:26:37 SBKRNL: Close socket 968
30.11 17:26:45 SBKRNL: Close com 19
30.11 17:26:45 SBKRNL: Result  = 0
30.11 17:26:45 SBKRNL: Unloaded 'dialog_forms.dll' (6F640000)
30.11 17:26:45 SBKRNL: DialogFormsFree() Unload Ok.
30.11 17:26:45 GATE: Unloaded 'sb_kernel.dll' (71B50000)
30.11 17:26:45 LOADPARM: Unloaded 'gate.dll' (73780000)
30.11 17:27:00 LOADPARM: Loaded 'gate.dll' (73CC0000)
30.11 17:27:00 GATE: Loaded 'C:\Users\bro\Desktop\CI00078528-D-33-3\Soft\PC_STUB\WIN\sb_kernel.dll' (73C30000)
30.11 17:27:00 SBKRNL: Loaded 'C:\Users\bro\Desktop\CI00078528-D-33-3\Soft\PC_STUB\WIN\dialog_forms.dll' (71650000)
30.11 17:27:00 SBKRNL: MSBuild. Version:33.03.05
30.11 17:27:00 SBKRNL: Port timeouts:4294967295-0-0
30.11 17:27:00 SBKRNL: Open com 19 (115200)
30.11 17:27:00 SBKRNL: Close com 19
30.11 17:27:00 SBKRNL: Command = 11  1 7
30.11 17:27:00 SBKRNL: MSBuild. Version:33.03.05
30.11 17:27:00 SBKRNL: Port timeouts:4294967295-0-0
30.11 17:27:00 SBKRNL: Open com 19 (115200)
30.11 17:27:00 SBKRNL: Pinpad status timeout 0 s
30.11 17:27:00 SBKRNL: WaitPinpadSeconds=0
30.11 17:27:00 SBKRNL: WaitPinpadSeconds=0
30.11 17:27:00 SBKRNL: Start tmo 140200
30.11 17:27:01 SBKRNL: Connecting to 194.54.14.89, port 700
30.11 17:27:01 SBKRNL: Start connection
30.11 17:27:01 SBKRNL: Connect OK
30.11 17:28:02 SBKRNL: Close socket 824
30.11 17:28:02 SBKRNL: Connecting to 194.54.14.89, port 700
30.11 17:28:02 SBKRNL: Start connection
30.11 17:28:03 SBKRNL: Connect OK
30.11 17:28:05 SBKRNL: Close socket 824
30.11 17:28:07 SBKRNL: Close com 19
30.11 17:28:07 SBKRNL: Result  = 0
30.11 17:28:07 GATE: Error 126 on loading 'C:\Users\bro\Desktop\CI00078528-D-33-3\Soft\PC_STUB\WIN\updater.dll'
30.11 17:28:07 GATE: Error 126 on loading 'updater.dll' by module
30.11 17:28:07 SBKRNL: Unloaded 'dialog_forms.dll' (71650000)
30.11 17:28:07 SBKRNL: DialogFormsFree() Unload Ok.
30.11 17:28:07 GATE: Unloaded 'sb_kernel.dll' (73C30000)
30.11 17:28:07 LOADPARM: Unloaded 'gate.dll' (73CC0000)
30.11 17:28:28 LOADPARM: Loaded 'gate.dll' (73CC0000)
30.11 17:28:28 GATE: Loaded 'C:\Users\bro\Desktop\CI00078528-D-33-3\Soft\PC_STUB\WIN\sb_kernel.dll' (73C30000)
30.11 17:28:28 SBKRNL: Loaded 'C:\Users\bro\Desktop\CI00078528-D-33-3\Soft\PC_STUB\WIN\dialog_forms.dll' (71650000)
30.11 17:28:28 SBKRNL: MSBuild. Version:33.03.05
30.11 17:28:28 SBKRNL: Port timeouts:4294967295-0-0
30.11 17:28:28 SBKRNL: Open com 19 (115200)
30.11 17:28:29 SBKRNL: Close com 19
30.11 17:28:29 SBKRNL: Command = 11  8 7
30.11 17:28:29 SBKRNL: MSBuild. Version:33.03.05
30.11 17:28:29 SBKRNL: Port timeouts:4294967295-0-0
30.11 17:28:29 SBKRNL: Open com 19 (115200)
30.11 17:28:29 SBKRNL: Pinpad status timeout 0 s
30.11 17:28:29 SBKRNL: WaitPinpadSeconds=0
30.11 17:28:29 SBKRNL: WaitPinpadSeconds=0
30.11 17:28:29 SBKRNL: Start tmo 140200
30.11 17:30:10 SBKRNL: Connecting to 194.54.14.89, port 700
30.11 17:30:10 SBKRNL: Start connection
30.11 17:30:10 SBKRNL: Connect OK
30.11 17:30:13 SBKRNL: Close socket 2544
30.11 17:30:14 SBKRNL: Close com 19
30.11 17:30:14 SBKRNL: Result  = 0
30.11 17:30:14 GATE: Error 126 on loading 'C:\Users\bro\Desktop\CI00078528-D-33-3\Soft\PC_STUB\WIN\updater.dll'
30.11 17:30:14 GATE: Error 126 on loading 'updater.dll' by module
30.11 17:30:14 SBKRNL: Unloaded 'dialog_forms.dll' (71650000)
30.11 17:30:14 SBKRNL: DialogFormsFree() Unload Ok.
30.11 17:30:14 GATE: Unloaded 'sb_kernel.dll' (73C30000)
30.11 17:30:14 LOADPARM: Unloaded 'gate.dll' (73CC0000)
30.11 17:30:40 LOADPARM: Loaded 'gate.dll' (73CC0000)
30.11 17:30:40 GATE: Loaded 'C:\Users\bro\Desktop\CI00078528-D-33-3\Soft\PC_STUB\WIN\sb_kernel.dll' (73C30000)
30.11 17:30:40 SBKRNL: Loaded 'C:\Users\bro\Desktop\CI00078528-D-33-3\Soft\PC_STUB\WIN\dialog_forms.dll' (71650000)
30.11 17:30:40 SBKRNL: Command = 11  39 5
30.11 17:30:40 SBKRNL: MSBuild. Version:33.03.05
30.11 17:30:40 SBKRNL: Port timeouts:4294967295-0-0
30.11 17:30:40 SBKRNL: Open com 19 (115200)
30.11 17:30:40 SBKRNL: Pinpad status timeout 0 s
30.11 17:30:40 SBKRNL: WaitPinpadSeconds=0
30.11 17:30:40 SBKRNL: WaitPinpadSeconds=0
30.11 17:30:40 SBKRNL: Start tmo 140200
30.11 17:30:48 SBKRNL: Connecting to 194.54.14.89, port 700
30.11 17:30:48 SBKRNL: Start connection
30.11 17:30:49 SBKRNL: Connect OK
30.11 17:30:59 SBKRNL: Close socket 1020
30.11 17:31:01 SBKRNL: Close com 19
30.11 17:31:01 SBKRNL: Result  = 0
30.11 17:31:01 SBKRNL: Unloaded 'dialog_forms.dll' (71650000)
30.11 17:31:01 SBKRNL: DialogFormsFree() Unload Ok.
30.11 17:31:01 GATE: Unloaded 'sb_kernel.dll' (73C30000)
30.11 17:31:01 LOADPARM: Unloaded 'gate.dll' (73CC0000)
30.11 17:31:12 LOADPARM: Loaded 'gate.dll' (73CC0000)
30.11 17:31:12 GATE: Loaded 'C:\Users\bro\Desktop\CI00078528-D-33-3\Soft\PC_STUB\WIN\sb_kernel.dll' (73C30000)
30.11 17:31:12 SBKRNL: Loaded 'C:\Users\bro\Desktop\CI00078528-D-33-3\Soft\PC_STUB\WIN\dialog_forms.dll' (71650000)
30.11 17:31:12 SBKRNL: Command = 11  8 5
30.11 17:31:12 SBKRNL: MSBuild. Version:33.03.05
30.11 17:31:12 SBKRNL: Port timeouts:4294967295-0-0
30.11 17:31:12 SBKRNL: Open com 19 (115200)
30.11 17:31:12 SBKRNL: Pinpad status timeout 0 s
30.11 17:31:12 SBKRNL: WaitPinpadSeconds=0
30.11 17:31:12 SBKRNL: WaitPinpadSeconds=0
30.11 17:31:12 SBKRNL: Start tmo 140200
30.11 17:31:17 SBKRNL: Send biometry command
30.11 17:31:23 SBKRNL: Connecting to 194.54.14.89, port 700
30.11 17:31:23 SBKRNL: Start connection
30.11 17:31:24 SBKRNL: Connect OK
30.11 17:31:34 SBKRNL: Close socket 1536
30.11 17:31:36 SBKRNL: Close com 19
30.11 17:31:36 SBKRNL: Result  = 0
30.11 17:31:36 SBKRNL: Unloaded 'dialog_forms.dll' (71650000)
30.11 17:31:36 SBKRNL: DialogFormsFree() Unload Ok.
30.11 17:31:36 GATE: Unloaded 'sb_kernel.dll' (73C30000)
30.11 17:31:36 LOADPARM: Unloaded 'gate.dll' (73CC0000)
30.11 17:31:57 LOADPARM: Loaded 'gate.dll' (73CC0000)
30.11 17:31:57 GATE: Loaded 'C:\Users\bro\Desktop\CI00078528-D-33-3\Soft\PC_STUB\WIN\sb_kernel.dll' (73C30000)
30.11 17:31:57 SBKRNL: Loaded 'C:\Users\bro\Desktop\CI00078528-D-33-3\Soft\PC_STUB\WIN\dialog_forms.dll' (71650000)
30.11 17:31:57 SBKRNL: MSBuild. Version:33.03.05
30.11 17:31:57 SBKRNL: Port timeouts:4294967295-0-0
30.11 17:31:57 SBKRNL: Open com 19 (115200)
30.11 17:31:57 SBKRNL: Close com 19
30.11 17:31:57 SBKRNL: Command = 11  1 7
30.11 17:31:57 SBKRNL: MSBuild. Version:33.03.05
30.11 17:31:57 SBKRNL: Port timeouts:4294967295-0-0
30.11 17:31:57 SBKRNL: Open com 19 (115200)
30.11 17:31:57 SBKRNL: Pinpad status timeout 0 s
30.11 17:31:57 SBKRNL: WaitPinpadSeconds=0
30.11 17:31:57 SBKRNL: WaitPinpadSeconds=0
30.11 17:31:57 SBKRNL: Start tmo 140200
30.11 17:31:58 SBKRNL: Connecting to 194.54.14.89, port 700
30.11 17:31:58 SBKRNL: Start connection
30.11 17:31:58 SBKRNL: Connect OK
30.11 17:32:04 SBKRNL: Send biometry command
30.11 17:32:27 SBKRNL: Close socket 744
30.11 17:32:28 SBKRNL: Close com 19
30.11 17:32:28 SBKRNL: Result  = 0
30.11 17:32:28 GATE: Error 126 on loading 'C:\Users\bro\Desktop\CI00078528-D-33-3\Soft\PC_STUB\WIN\updater.dll'
30.11 17:32:28 GATE: Error 126 on loading 'updater.dll' by module
30.11 17:32:28 SBKRNL: Unloaded 'dialog_forms.dll' (71650000)
30.11 17:32:28 SBKRNL: DialogFormsFree() Unload Ok.
30.11 17:32:28 GATE: Unloaded 'sb_kernel.dll' (73C30000)
30.11 17:32:28 LOADPARM: Unloaded 'gate.dll' (73CC0000)
30.11 17:32:56 LOADPARM: Loaded 'gate.dll' (73CC0000)
30.11 17:32:56 GATE: Loaded 'C:\Users\bro\Desktop\CI00078528-D-33-3\Soft\PC_STUB\WIN\sb_kernel.dll' (73C30000)
30.11 17:32:56 SBKRNL: Loaded 'C:\Users\bro\Desktop\CI00078528-D-33-3\Soft\PC_STUB\WIN\dialog_forms.dll' (71650000)
30.11 17:32:56 SBKRNL: MSBuild. Version:33.03.05
30.11 17:32:56 SBKRNL: Port timeouts:4294967295-0-0
30.11 17:32:56 SBKRNL: Open com 19 (115200)
30.11 17:32:56 SBKRNL: Close com 19
30.11 17:32:56 SBKRNL: Command = 11  8 7
30.11 17:32:56 SBKRNL: MSBuild. Version:33.03.05
30.11 17:32:56 SBKRNL: Port timeouts:4294967295-0-0
30.11 17:32:56 SBKRNL: Open com 19 (115200)
30.11 17:32:56 SBKRNL: Pinpad status timeout 0 s
30.11 17:32:56 SBKRNL: WaitPinpadSeconds=0
30.11 17:32:56 SBKRNL: WaitPinpadSeconds=0
30.11 17:32:56 SBKRNL: Start tmo 140200
30.11 17:35:14 SBKRNL: Close com 19
30.11 17:35:14 SBKRNL: Clear cheque on error 2002
30.11 17:35:14 SBKRNL: Result  = 2002
30.11 17:35:14 GATE: Error 126 on loading 'C:\Users\bro\Desktop\CI00078528-D-33-3\Soft\PC_STUB\WIN\updater.dll'
30.11 17:35:14 GATE: Error 126 on loading 'updater.dll' by module
30.11 17:35:14 SBKRNL: Unloaded 'dialog_forms.dll' (71650000)
30.11 17:35:14 SBKRNL: DialogFormsFree() Unload Ok.
30.11 17:35:14 GATE: Unloaded 'sb_kernel.dll' (73C30000)
30.11 17:35:14 LOADPARM: Unloaded 'gate.dll' (73CC0000)
30.11 17:35:37 LOADPARM: Loaded 'gate.dll' (73CC0000)
30.11 17:35:37 GATE: Loaded 'C:\Users\bro\Desktop\CI00078528-D-33-3\Soft\PC_STUB\WIN\sb_kernel.dll' (73C30000)
30.11 17:35:37 SBKRNL: Loaded 'C:\Users\bro\Desktop\CI00078528-D-33-3\Soft\PC_STUB\WIN\dialog_forms.dll' (71650000)
30.11 17:35:37 SBKRNL: MSBuild. Version:33.03.05
30.11 17:35:37 SBKRNL: Port timeouts:4294967295-0-0
30.11 17:35:37 SBKRNL: Open com 19 (115200)
30.11 17:35:37 SBKRNL: Close com 19
30.11 17:35:37 SBKRNL: Command = 11  8 7
30.11 17:35:37 SBKRNL: MSBuild. Version:33.03.05
30.11 17:35:37 SBKRNL: Port timeouts:4294967295-0-0
30.11 17:35:37 SBKRNL: Open com 19 (115200)
30.11 17:35:37 SBKRNL: Pinpad status timeout 0 s
30.11 17:35:37 SBKRNL: WaitPinpadSeconds=0
30.11 17:35:37 SBKRNL: WaitPinpadSeconds=0
30.11 17:35:37 SBKRNL: Start tmo 140200
30.11 17:36:03 SBKRNL: Close com 19
30.11 17:36:03 SBKRNL: Result  = 4118
30.11 17:36:03 GATE: Error 126 on loading 'C:\Users\bro\Desktop\CI00078528-D-33-3\Soft\PC_STUB\WIN\updater.dll'
30.11 17:36:03 GATE: Error 126 on loading 'updater.dll' by module
30.11 17:36:03 SBKRNL: Unloaded 'dialog_forms.dll' (71650000)
30.11 17:36:03 SBKRNL: DialogFormsFree() Unload Ok.
30.11 17:36:03 GATE: Unloaded 'sb_kernel.dll' (73C30000)
30.11 17:36:03 LOADPARM: Unloaded 'gate.dll' (73CC0000)
30.11 17:36:31 LOADPARM: Loaded 'gate.dll' (73CC0000)
30.11 17:36:31 GATE: Loaded 'C:\Users\bro\Desktop\CI00078528-D-33-3\Soft\PC_STUB\WIN\sb_kernel.dll' (73C30000)
30.11 17:36:31 SBKRNL: Loaded 'C:\Users\bro\Desktop\CI00078528-D-33-3\Soft\PC_STUB\WIN\dialog_forms.dll' (71650000)
30.11 17:36:31 SBKRNL: MSBuild. Version:33.03.05
30.11 17:36:31 SBKRNL: Port timeouts:4294967295-0-0
30.11 17:36:31 SBKRNL: Open com 19 (115200)
30.11 17:36:31 SBKRNL: Close com 19
30.11 17:36:31 SBKRNL: Command = 11  8 7
30.11 17:36:31 SBKRNL: MSBuild. Version:33.03.05
30.11 17:36:32 SBKRNL: Port timeouts:4294967295-0-0
30.11 17:36:32 SBKRNL: Open com 19 (115200)
30.11 17:36:32 SBKRNL: Pinpad status timeout 0 s
30.11 17:36:32 SBKRNL: WaitPinpadSeconds=0
30.11 17:36:32 SBKRNL: WaitPinpadSeconds=0
30.11 17:36:32 SBKRNL: Start tmo 140200
30.11 17:36:50 SBKRNL: Close com 19
30.11 17:36:50 SBKRNL: Result  = 4118
30.11 17:36:50 GATE: Error 126 on loading 'C:\Users\bro\Desktop\CI00078528-D-33-3\Soft\PC_STUB\WIN\updater.dll'
30.11 17:36:50 GATE: Error 126 on loading 'updater.dll' by module
30.11 17:36:50 SBKRNL: Unloaded 'dialog_forms.dll' (71650000)
30.11 17:36:50 SBKRNL: DialogFormsFree() Unload Ok.
30.11 17:36:50 GATE: Unloaded 'sb_kernel.dll' (73C30000)
30.11 17:36:50 LOADPARM: Unloaded 'gate.dll' (73CC0000)
30.11 17:37:47 LOADPARM: Loaded 'gate.dll' (73CC0000)
30.11 17:37:47 GATE: Loaded 'C:\Users\bro\Desktop\CI00078528-D-33-3\Soft\PC_STUB\WIN\sb_kernel.dll' (73C30000)
30.11 17:37:47 SBKRNL: Loaded 'C:\Users\bro\Desktop\CI00078528-D-33-3\Soft\PC_STUB\WIN\dialog_forms.dll' (71650000)
30.11 17:37:47 SBKRNL: MSBuild. Version:33.03.05
30.11 17:37:47 SBKRNL: Port timeouts:4294967295-0-0
30.11 17:37:47 SBKRNL: Open com 19 (115200)
30.11 17:37:47 SBKRNL: Close com 19
30.11 17:37:47 SBKRNL: Command = 11  1 7
30.11 17:37:47 SBKRNL: MSBuild. Version:33.03.05
30.11 17:37:48 SBKRNL: Port timeouts:4294967295-0-0
30.11 17:37:48 SBKRNL: Open com 19 (115200)
30.11 17:37:48 SBKRNL: Pinpad status timeout 0 s
30.11 17:37:48 SBKRNL: WaitPinpadSeconds=0
30.11 17:37:48 SBKRNL: WaitPinpadSeconds=0
30.11 17:37:48 SBKRNL: Start tmo 140200
30.11 17:37:48 SBKRNL: Connecting to 194.54.14.89, port 700
30.11 17:37:48 SBKRNL: Start connection
30.11 17:37:49 SBKRNL: Connect OK
30.11 17:39:15 SBKRNL: Close socket 820
30.11 17:39:16 SBKRNL: Connecting to 194.54.14.89, port 700
30.11 17:39:16 SBKRNL: Start connection
30.11 17:39:16 SBKRNL: Connect OK
30.11 17:39:20 SBKRNL: Close socket 2392
30.11 17:39:21 SBKRNL: Close com 19
30.11 17:39:21 SBKRNL: Result  = 0
30.11 17:39:21 GATE: Error 126 on loading 'C:\Users\bro\Desktop\CI00078528-D-33-3\Soft\PC_STUB\WIN\updater.dll'
30.11 17:39:21 GATE: Error 126 on loading 'updater.dll' by module
30.11 17:39:21 SBKRNL: Unloaded 'dialog_forms.dll' (71650000)
30.11 17:39:21 SBKRNL: DialogFormsFree() Unload Ok.
30.11 17:39:21 GATE: Unloaded 'sb_kernel.dll' (73C30000)
30.11 17:39:21 LOADPARM: Unloaded 'gate.dll' (73CC0000)
30.11 17:39:40 LOADPARM: Loaded 'gate.dll' (73CC0000)
30.11 17:39:40 GATE: Loaded 'C:\Users\bro\Desktop\CI00078528-D-33-3\Soft\PC_STUB\WIN\sb_kernel.dll' (73C30000)
30.11 17:39:40 SBKRNL: Loaded 'C:\Users\bro\Desktop\CI00078528-D-33-3\Soft\PC_STUB\WIN\dialog_forms.dll' (71650000)
30.11 17:39:40 SBKRNL: MSBuild. Version:33.03.05
30.11 17:39:40 SBKRNL: Port timeouts:4294967295-0-0
30.11 17:39:40 SBKRNL: Open com 19 (115200)
30.11 17:39:41 SBKRNL: Close com 19
30.11 17:39:41 SBKRNL: Command = 11  8 7
30.11 17:39:41 SBKRNL: MSBuild. Version:33.03.05
30.11 17:39:41 SBKRNL: Port timeouts:4294967295-0-0
30.11 17:39:41 SBKRNL: Open com 19 (115200)
30.11 17:39:41 SBKRNL: Pinpad status timeout 0 s
30.11 17:39:41 SBKRNL: WaitPinpadSeconds=0
30.11 17:39:41 SBKRNL: WaitPinpadSeconds=0
30.11 17:39:41 SBKRNL: Start tmo 140200
30.11 17:39:46 SBKRNL: Connecting to 194.54.14.89, port 700
30.11 17:39:46 SBKRNL: Start connection
30.11 17:39:47 SBKRNL: Connect OK
30.11 17:39:48 SBKRNL: Close socket 968
30.11 17:39:50 SBKRNL: Close com 19
30.11 17:39:50 SBKRNL: Result  = 0
30.11 17:39:50 GATE: Error 126 on loading 'C:\Users\bro\Desktop\CI00078528-D-33-3\Soft\PC_STUB\WIN\updater.dll'
30.11 17:39:50 GATE: Error 126 on loading 'updater.dll' by module
30.11 17:39:50 SBKRNL: Unloaded 'dialog_forms.dll' (71650000)
30.11 17:39:50 SBKRNL: DialogFormsFree() Unload Ok.
30.11 17:39:50 GATE: Unloaded 'sb_kernel.dll' (73C30000)
30.11 17:39:50 LOADPARM: Unloaded 'gate.dll' (73CC0000)
30.11 17:40:05 LOADPARM: Loaded 'gate.dll' (73CC0000)
30.11 17:40:05 GATE: Loaded 'C:\Users\bro\Desktop\CI00078528-D-33-3\Soft\PC_STUB\WIN\sb_kernel.dll' (73C30000)
30.11 17:40:05 SBKRNL: Loaded 'C:\Users\bro\Desktop\CI00078528-D-33-3\Soft\PC_STUB\WIN\dialog_forms.dll' (71650000)
30.11 17:40:05 SBKRNL: Command = 11  39 5
30.11 17:40:05 SBKRNL: MSBuild. Version:33.03.05
30.11 17:40:05 SBKRNL: Port timeouts:4294967295-0-0
30.11 17:40:05 SBKRNL: Open com 19 (115200)
30.11 17:40:05 SBKRNL: Pinpad status timeout 0 s
30.11 17:40:05 SBKRNL: WaitPinpadSeconds=0
30.11 17:40:05 SBKRNL: WaitPinpadSeconds=0
30.11 17:40:05 SBKRNL: Start tmo 140200
30.11 17:40:19 SBKRNL: Connecting to 194.54.14.89, port 700
30.11 17:40:19 SBKRNL: Start connection
30.11 17:40:20 SBKRNL: Connect OK
30.11 17:40:30 SBKRNL: Close socket 1408
30.11 17:40:32 SBKRNL: Close com 19
30.11 17:40:32 SBKRNL: Result  = 0
30.11 17:40:32 SBKRNL: Unloaded 'dialog_forms.dll' (71650000)
30.11 17:40:32 SBKRNL: DialogFormsFree() Unload Ok.
30.11 17:40:32 GATE: Unloaded 'sb_kernel.dll' (73C30000)
30.11 17:40:32 LOADPARM: Unloaded 'gate.dll' (73CC0000)
30.11 17:40:47 LOADPARM: Loaded 'gate.dll' (73CC0000)
30.11 17:40:47 GATE: Loaded 'C:\Users\bro\Desktop\CI00078528-D-33-3\Soft\PC_STUB\WIN\sb_kernel.dll' (73C30000)
30.11 17:40:47 SBKRNL: Loaded 'C:\Users\bro\Desktop\CI00078528-D-33-3\Soft\PC_STUB\WIN\dialog_forms.dll' (71650000)
30.11 17:40:47 SBKRNL: Command = 11  8 5
30.11 17:40:47 SBKRNL: MSBuild. Version:33.03.05
30.11 17:40:47 SBKRNL: Port timeouts:4294967295-0-0
30.11 17:40:47 SBKRNL: Open com 19 (115200)
30.11 17:40:48 SBKRNL: Pinpad status timeout 0 s
30.11 17:40:48 SBKRNL: WaitPinpadSeconds=0
30.11 17:40:48 SBKRNL: WaitPinpadSeconds=0
30.11 17:40:48 SBKRNL: Start tmo 140200
30.11 17:40:54 SBKRNL: Send biometry command
30.11 17:41:05 SBKRNL: Connecting to 194.54.14.89, port 700
30.11 17:41:05 SBKRNL: Start connection
30.11 17:41:05 SBKRNL: Connect OK
30.11 17:41:17 SBKRNL: Close socket 1588
30.11 17:41:18 SBKRNL: Close com 19
30.11 17:41:18 SBKRNL: Result  = 0
30.11 17:41:18 SBKRNL: Unloaded 'dialog_forms.dll' (71650000)
30.11 17:41:18 SBKRNL: DialogFormsFree() Unload Ok.
30.11 17:41:18 GATE: Unloaded 'sb_kernel.dll' (73C30000)
30.11 17:41:18 LOADPARM: Unloaded 'gate.dll' (73CC0000)
30.11 17:42:01 LOADPARM: Loaded 'gate.dll' (73CC0000)
30.11 17:42:01 GATE: Loaded 'C:\Users\bro\Desktop\CI00078528-D-33-3\Soft\PC_STUB\WIN\sb_kernel.dll' (73C30000)
30.11 17:42:01 SBKRNL: Loaded 'C:\Users\bro\Desktop\CI00078528-D-33-3\Soft\PC_STUB\WIN\dialog_forms.dll' (71650000)
30.11 17:42:01 SBKRNL: Command = 11  1 10001
30.11 17:42:01 SBKRNL: MSBuild. Version:33.03.05
30.11 17:42:01 SBKRNL: Port timeouts:4294967295-0-0
30.11 17:42:01 SBKRNL: Open com 19 (115200)
30.11 17:42:01 SBKRNL: Pinpad status timeout 0 s
30.11 17:42:01 SBKRNL: WaitPinpadSeconds=0
30.11 17:42:01 SBKRNL: WaitPinpadSeconds=0
30.11 17:42:01 SBKRNL: Start tmo 140200
30.11 17:42:02 SBKRNL: Connecting to 194.54.14.89, port 700
30.11 17:42:02 SBKRNL: Start connection
30.11 17:42:02 SBKRNL: Connect OK
30.11 17:42:10 SBKRNL: Close socket 808
30.11 17:42:10 SBKRNL: Close com 19
30.11 17:42:10 SBKRNL: Clear cheque on error 2000
30.11 17:42:10 SBKRNL: Result  = 2000
30.11 17:42:10 SBKRNL: Unloaded 'dialog_forms.dll' (71650000)
30.11 17:42:10 SBKRNL: DialogFormsFree() Unload Ok.
30.11 17:42:10 GATE: Unloaded 'sb_kernel.dll' (73C30000)
30.11 17:42:10 LOADPARM: Unloaded 'gate.dll' (73CC0000)
30.11 17:42:20 LOADPARM: Loaded 'gate.dll' (73CC0000)
30.11 17:42:20 GATE: Loaded 'C:\Users\bro\Desktop\CI00078528-D-33-3\Soft\PC_STUB\WIN\sb_kernel.dll' (73C30000)
30.11 17:42:20 SBKRNL: Loaded 'C:\Users\bro\Desktop\CI00078528-D-33-3\Soft\PC_STUB\WIN\dialog_forms.dll' (71650000)
30.11 17:42:20 SBKRNL: Command = 11  1 100001
30.11 17:42:20 SBKRNL: MSBuild. Version:33.03.05
30.11 17:42:20 SBKRNL: Port timeouts:4294967295-0-0
30.11 17:42:20 SBKRNL: Open com 19 (115200)
30.11 17:42:20 SBKRNL: Pinpad status timeout 0 s
30.11 17:42:20 SBKRNL: WaitPinpadSeconds=0
30.11 17:42:20 SBKRNL: WaitPinpadSeconds=0
30.11 17:42:20 SBKRNL: Start tmo 140200
30.11 17:42:21 SBKRNL: Connecting to 194.54.14.89, port 700
30.11 17:42:21 SBKRNL: Start connection
30.11 17:42:21 SBKRNL: Connect OK
30.11 17:42:22 SBKRNL: Close socket 932
30.11 17:42:23 SBKRNL: Connecting to 194.54.14.89, port 700
30.11 17:42:23 SBKRNL: Start connection
30.11 17:42:23 SBKRNL: Connect OK
30.11 17:42:38 SBKRNL: Send biometry command
30.11 17:43:27 SBKRNL: Socket 952 recv error:10054
30.11 17:43:27 SBKRNL: Socket 952 recv error:10054
30.11 17:43:27 SBKRNL: Close socket 952
30.11 17:43:27 SBKRNL: Connecting to 194.54.14.89, port 700
30.11 17:43:27 SBKRNL: Start connection
30.11 17:43:28 SBKRNL: Connect OK
30.11 17:43:41 SBKRNL: Close socket 2168
30.11 17:45:58 SBKRNL: Close com 19
30.11 17:45:58 SBKRNL: Clear cheque on error 2002
30.11 17:45:58 SBKRNL: Result  = 2002
30.11 17:45:58 SBKRNL: Unloaded 'dialog_forms.dll' (71650000)
30.11 17:45:58 SBKRNL: DialogFormsFree() Unload Ok.
30.11 17:45:58 GATE: Unloaded 'sb_kernel.dll' (73C30000)
30.11 17:45:58 LOADPARM: Unloaded 'gate.dll' (73CC0000)
30.11 17:46:01 LOADPARM: Loaded 'gate.dll' (73CC0000)
30.11 17:46:01 GATE: Loaded 'C:\Users\bro\Desktop\CI00078528-D-33-3\Soft\PC_STUB\WIN\sb_kernel.dll' (73C30000)
30.11 17:46:01 SBKRNL: Loaded 'C:\Users\bro\Desktop\CI00078528-D-33-3\Soft\PC_STUB\WIN\dialog_forms.dll' (71650000)
30.11 17:46:01 SBKRNL: Command = 11  1 100001
30.11 17:46:01 SBKRNL: MSBuild. Version:33.03.05
30.11 17:46:01 SBKRNL: Port timeouts:4294967295-0-0
30.11 17:46:01 SBKRNL: Open com 19 (115200)
30.11 17:46:01 SBKRNL: Pinpad status timeout 0 s
30.11 17:46:01 SBKRNL: WaitPinpadSeconds=0
30.11 17:46:01 SBKRNL: WaitPinpadSeconds=0
30.11 17:46:01 SBKRNL: Start tmo 140200
30.11 17:46:02 SBKRNL: Connecting to 194.54.14.89, port 700
30.11 17:46:02 SBKRNL: Start connection
30.11 17:46:02 SBKRNL: Connect OK
30.11 17:46:08 SBKRNL: Close socket 940
30.11 17:46:09 SBKRNL: Connecting to 194.54.14.89, port 700
30.11 17:46:09 SBKRNL: Start connection
30.11 17:46:09 SBKRNL: Connect OK
30.11 17:46:14 SBKRNL: Send biometry command
30.11 17:46:33 SBKRNL: Close socket 988
30.11 17:46:59 SBKRNL: Connecting to 194.54.14.89, port 700
30.11 17:46:59 SBKRNL: Start connection
30.11 17:46:59 SBKRNL: Connect OK
30.11 17:47:02 SBKRNL: Close socket 976
30.11 17:47:03 SBKRNL: Close com 19
30.11 17:47:03 SBKRNL: Result  = 0
30.11 17:47:03 SBKRNL: Unloaded 'dialog_forms.dll' (71650000)
30.11 17:47:03 SBKRNL: DialogFormsFree() Unload Ok.
30.11 17:47:03 GATE: Unloaded 'sb_kernel.dll' (73C30000)
30.11 17:47:03 LOADPARM: Unloaded 'gate.dll' (73CC0000)
30.11 17:47:44 LOADPARM: Loaded 'gate.dll' (73CC0000)
30.11 17:47:44 GATE: Loaded 'C:\Users\bro\Desktop\CI00078528-D-33-3\Soft\PC_STUB\WIN\sb_kernel.dll' (73C30000)
30.11 17:47:44 SBKRNL: Loaded 'C:\Users\bro\Desktop\CI00078528-D-33-3\Soft\PC_STUB\WIN\dialog_forms.dll' (71650000)
30.11 17:47:44 SBKRNL: Command = 11  8 100001
30.11 17:47:44 SBKRNL: MSBuild. Version:33.03.05
30.11 17:47:44 SBKRNL: Port timeouts:4294967295-0-0
30.11 17:47:44 SBKRNL: Open com 19 (115200)
30.11 17:47:44 SBKRNL: Pinpad status timeout 0 s
30.11 17:47:44 SBKRNL: WaitPinpadSeconds=0
30.11 17:47:44 SBKRNL: WaitPinpadSeconds=0
30.11 17:47:44 SBKRNL: Start tmo 140200
30.11 17:47:47 SBKRNL: Send biometry command
30.11 17:47:56 SBKRNL: Connecting to 194.54.14.89, port 700
30.11 17:47:56 SBKRNL: Start connection
30.11 17:47:56 SBKRNL: Connect OK
30.11 17:48:07 SBKRNL: Close socket 996
30.11 17:48:08 SBKRNL: Close com 19
30.11 17:48:08 SBKRNL: Result  = 0
30.11 17:48:08 SBKRNL: Unloaded 'dialog_forms.dll' (71650000)
30.11 17:48:08 SBKRNL: DialogFormsFree() Unload Ok.
30.11 17:48:08 GATE: Unloaded 'sb_kernel.dll' (73C30000)
30.11 17:48:08 LOADPARM: Unloaded 'gate.dll' (73CC0000)
30.11 17:50:33 LOADPARM: Loaded 'gate.dll' (73CC0000)
30.11 17:50:33 GATE: Loaded 'C:\Users\bro\Desktop\CI00078528-D-33-3\Soft\PC_STUB\WIN\sb_kernel.dll' (73C30000)
30.11 17:50:33 SBKRNL: Loaded 'C:\Users\bro\Desktop\CI00078528-D-33-3\Soft\PC_STUB\WIN\dialog_forms.dll' (71650000)
30.11 17:50:33 SBKRNL: Command = 11  11
30.11 17:50:33 SBKRNL: MSBuild. Version:33.03.05
30.11 17:50:33 SBKRNL: Port timeouts:4294967295-0-0
30.11 17:50:33 SBKRNL: Open com 19 (115200)
30.11 17:50:33 SBKRNL: Pinpad status timeout 0 s
30.11 17:50:33 SBKRNL: WaitPinpadSeconds=0
30.11 17:50:33 SBKRNL: WaitPinpadSeconds=0
30.11 17:50:33 SBKRNL: Start tmo 140200
30.11 17:50:33 SBKRNL: RegOpenKeyEx(... SOFTWARE\SBRF\POS\Session ...) =2
30.11 17:50:33 SBKRNL: ClientAddress value (hex) = 
30.11 17:50:47 SBKRNL: Connecting to 194.54.14.89, port 700
30.11 17:50:47 SBKRNL: Start connection
30.11 17:50:48 SBKRNL: Connect OK
30.11 17:50:49 SBKRNL: Close socket 592
30.11 17:50:49 SBKRNL: Connecting to 194.54.14.89, port 650
30.11 17:50:49 SBKRNL: Start connection
30.11 17:50:50 SBKRNL: Connect OK
30.11 17:50:50 SBKRNL: RegOpenKeyEx(... SOFTWARE\SBRF\POS\Session ...) =2
30.11 17:50:50 SBKRNL: ClientAddress value (hex) = 
30.11 17:50:51 SBKRNL: Close socket 592
30.11 17:50:52 SBKRNL: Close com 19
30.11 17:50:52 SBKRNL: Result  = 0
30.11 17:50:52 SBKRNL: Unloaded 'dialog_forms.dll' (71650000)
30.11 17:50:52 SBKRNL: DialogFormsFree() Unload Ok.
30.11 17:50:52 GATE: Unloaded 'sb_kernel.dll' (73C30000)
30.11 17:50:53 LOADPARM: Unloaded 'gate.dll' (73CC0000)
30.11 17:50:56 LOADPARM: Loaded 'gate.dll' (73CC0000)
30.11 17:50:56 GATE: Loaded 'C:\Users\bro\Desktop\CI00078528-D-33-3\Soft\PC_STUB\WIN\sb_kernel.dll' (73C30000)
30.11 17:50:56 SBKRNL: Loaded 'C:\Users\bro\Desktop\CI00078528-D-33-3\Soft\PC_STUB\WIN\dialog_forms.dll' (71650000)
30.11 17:50:56 SBKRNL: Command = 11  11
30.11 17:50:56 SBKRNL: MSBuild. Version:33.03.05
30.11 17:50:56 SBKRNL: Port timeouts:4294967295-0-0
30.11 17:50:56 SBKRNL: Open com 19 (115200)
30.11 17:50:56 SBKRNL: Pinpad status timeout 0 s
30.11 17:50:56 SBKRNL: WaitPinpadSeconds=0
30.11 17:50:56 SBKRNL: WaitPinpadSeconds=0
30.11 17:50:56 SBKRNL: Start tmo 140200
30.11 17:50:56 SBKRNL: RegOpenKeyEx(... SOFTWARE\SBRF\POS\Session ...) =2
30.11 17:50:56 SBKRNL: ClientAddress value (hex) = 
30.11 17:51:02 SBKRNL: Close com 19
30.11 17:51:02 SBKRNL: Result  = 0
30.11 17:51:02 SBKRNL: Unloaded 'dialog_forms.dll' (71650000)
30.11 17:51:02 SBKRNL: DialogFormsFree() Unload Ok.
30.11 17:51:02 GATE: Unloaded 'sb_kernel.dll' (73C30000)
30.11 17:51:02 LOADPARM: Unloaded 'gate.dll' (73CC0000)
30.11 17:59:22 LOADPARM: Loaded 'gate.dll' (73CC0000)
30.11 17:59:22 GATE: Loaded 'C:\Users\bro\Desktop\CI00078528-D-33-3\Soft\PC_STUB\WIN\sb_kernel.dll' (73C30000)
30.11 17:59:22 SBKRNL: Loaded 'C:\Users\bro\Desktop\CI00078528-D-33-3\Soft\PC_STUB\WIN\dialog_forms.dll' (71650000)
30.11 17:59:22 SBKRNL: Command = 11  11
30.11 17:59:22 SBKRNL: MSBuild. Version:33.03.05
30.11 17:59:22 SBKRNL: Port timeouts:4294967295-0-0
30.11 17:59:22 SBKRNL: Open com 19 (115200)
30.11 17:59:22 SBKRNL: Pinpad status timeout 0 s
30.11 17:59:22 SBKRNL: WaitPinpadSeconds=0
30.11 17:59:22 SBKRNL: WaitPinpadSeconds=0
30.11 17:59:22 SBKRNL: Start tmo 140200
30.11 17:59:22 SBKRNL: RegOpenKeyEx(... SOFTWARE\SBRF\POS\Session ...) =2
30.11 17:59:22 SBKRNL: ClientAddress value (hex) = 
30.11 17:59:31 SBKRNL: RegOpenKeyEx(... SOFTWARE\SBRF\POS\Session ...) =2
30.11 17:59:31 SBKRNL: ClientAddress value (hex) = 
30.11 17:59:40 SBKRNL: Connecting to 194.54.14.89, port 666
30.11 17:59:40 SBKRNL: Start connection
30.11 17:59:40 SBKRNL: Connect OK
30.11 17:59:42 SBKRNL: RegOpenKeyEx(... SOFTWARE\SBRF\POS\Session ...) =2
30.11 17:59:42 SBKRNL: ClientAddress value (hex) = 
30.11 17:59:48 SBKRNL: Close socket 968
30.11 17:59:48 SBKRNL: Close com 19
30.11 17:59:48 SBKRNL: Result  = 0
30.11 17:59:48 SBKRNL: Unloaded 'dialog_forms.dll' (71650000)
30.11 17:59:48 SBKRNL: DialogFormsFree() Unload Ok.
30.11 17:59:48 GATE: Unloaded 'sb_kernel.dll' (73C30000)
30.11 17:59:48 LOADPARM: Unloaded 'gate.dll' (73CC0000)
30.11 18:03:19 LOADPARM: Loaded 'gate.dll' (73CC0000)
30.11 18:03:19 GATE: Loaded 'C:\Users\bro\Desktop\CI00078528-D-33-3\Soft\PC_STUB\WIN\sb_kernel.dll' (73C30000)
30.11 18:03:19 SBKRNL: Loaded 'C:\Users\bro\Desktop\CI00078528-D-33-3\Soft\PC_STUB\WIN\dialog_forms.dll' (71650000)
30.11 18:03:19 SBKRNL: Command = 11  8 5
30.11 18:03:19 SBKRNL: MSBuild. Version:33.03.05
30.11 18:03:19 SBKRNL: Port timeouts:4294967295-0-0
30.11 18:03:19 SBKRNL: Open com 19 (115200)
30.11 18:03:20 SBKRNL: Pinpad status timeout 0 s
30.11 18:03:20 SBKRNL: WaitPinpadSeconds=0
30.11 18:03:20 SBKRNL: WaitPinpadSeconds=0
30.11 18:03:20 SBKRNL: Start tmo 140200
30.11 18:03:47 SBKRNL: Close com 19
30.11 18:03:47 SBKRNL: Clear cheque on error 2000
30.11 18:03:47 SBKRNL: Result  = 2000
30.11 18:03:47 SBKRNL: Unloaded 'dialog_forms.dll' (71650000)
30.11 18:03:47 SBKRNL: DialogFormsFree() Unload Ok.
30.11 18:03:47 GATE: Unloaded 'sb_kernel.dll' (73C30000)
30.11 18:03:47 LOADPARM: Unloaded 'gate.dll' (73CC0000)
30.11 18:03:56 LOADPARM: Loaded 'gate.dll' (73CC0000)
30.11 18:03:56 GATE: Loaded 'C:\Users\bro\Desktop\CI00078528-D-33-3\Soft\PC_STUB\WIN\sb_kernel.dll' (73C30000)
30.11 18:03:56 SBKRNL: Loaded 'C:\Users\bro\Desktop\CI00078528-D-33-3\Soft\PC_STUB\WIN\dialog_forms.dll' (71650000)
30.11 18:03:56 SBKRNL: Command = 11  8 5
30.11 18:03:56 SBKRNL: MSBuild. Version:33.03.05
30.11 18:03:56 SBKRNL: Port timeouts:4294967295-0-0
30.11 18:03:56 SBKRNL: Open com 19 (115200)
30.11 18:03:56 SBKRNL: Pinpad status timeout 0 s
30.11 18:03:56 SBKRNL: WaitPinpadSeconds=0
30.11 18:03:56 SBKRNL: WaitPinpadSeconds=0
30.11 18:03:56 SBKRNL: Start tmo 140200
30.11 18:04:12 SBKRNL: Close com 19
30.11 18:04:12 SBKRNL: Result  = 4118
30.11 18:04:12 SBKRNL: Unloaded 'dialog_forms.dll' (71650000)
30.11 18:04:12 SBKRNL: DialogFormsFree() Unload Ok.
30.11 18:04:12 GATE: Unloaded 'sb_kernel.dll' (73C30000)
30.11 18:04:12 LOADPARM: Unloaded 'gate.dll' (73CC0000)
30.11 18:04:15 LOADPARM: Loaded 'gate.dll' (73CC0000)
30.11 18:04:15 GATE: Loaded 'C:\Users\bro\Desktop\CI00078528-D-33-3\Soft\PC_STUB\WIN\sb_kernel.dll' (73C30000)
30.11 18:04:15 SBKRNL: Loaded 'C:\Users\bro\Desktop\CI00078528-D-33-3\Soft\PC_STUB\WIN\dialog_forms.dll' (71650000)
30.11 18:04:15 SBKRNL: Command = 11  8 5
30.11 18:04:15 SBKRNL: MSBuild. Version:33.03.05
30.11 18:04:15 SBKRNL: Port timeouts:4294967295-0-0
30.11 18:04:15 SBKRNL: Open com 19 (115200)
30.11 18:04:15 SBKRNL: Pinpad status timeout 0 s
30.11 18:04:15 SBKRNL: WaitPinpadSeconds=0
30.11 18:04:15 SBKRNL: WaitPinpadSeconds=0
30.11 18:04:15 SBKRNL: Start tmo 140200
30.11 18:04:29 SBKRNL: Close com 19
30.11 18:04:29 SBKRNL: Result  = 4118
30.11 18:04:29 SBKRNL: Unloaded 'dialog_forms.dll' (71650000)
30.11 18:04:29 SBKRNL: DialogFormsFree() Unload Ok.
30.11 18:04:29 GATE: Unloaded 'sb_kernel.dll' (73C30000)
30.11 18:04:29 LOADPARM: Unloaded 'gate.dll' (73CC0000)
30.11 18:04:37 LOADPARM: Loaded 'gate.dll' (73CC0000)
30.11 18:04:37 GATE: Loaded 'C:\Users\bro\Desktop\CI00078528-D-33-3\Soft\PC_STUB\WIN\sb_kernel.dll' (73C30000)
30.11 18:04:37 SBKRNL: Loaded 'C:\Users\bro\Desktop\CI00078528-D-33-3\Soft\PC_STUB\WIN\dialog_forms.dll' (71650000)
30.11 18:04:37 SBKRNL: MSBuild. Version:33.03.05
30.11 18:04:37 SBKRNL: Port timeouts:4294967295-0-0
30.11 18:04:37 SBKRNL: Open com 19 (115200)
30.11 18:04:37 SBKRNL: Close com 19
30.11 18:04:37 SBKRNL: Command = 11  1 7
30.11 18:04:37 SBKRNL: MSBuild. Version:33.03.05
30.11 18:04:37 SBKRNL: Port timeouts:4294967295-0-0
30.11 18:04:37 SBKRNL: Open com 19 (115200)
30.11 18:04:37 SBKRNL: Pinpad status timeout 0 s
30.11 18:04:37 SBKRNL: WaitPinpadSeconds=0
30.11 18:04:37 SBKRNL: WaitPinpadSeconds=0
30.11 18:04:37 SBKRNL: Start tmo 140200
30.11 18:04:38 SBKRNL: Connecting to 194.54.14.89, port 700
30.11 18:04:38 SBKRNL: Start connection
30.11 18:04:39 SBKRNL: Close socket 804
30.11 18:04:40 SBKRNL: Connecting to 194.54.14.89, port 700
30.11 18:04:40 SBKRNL: Start connection
30.11 18:04:40 SBKRNL: Connect OK
30.11 18:04:43 SBKRNL: Close socket 952
30.11 18:04:44 SBKRNL: Close com 19
30.11 18:04:44 SBKRNL: Result  = 0
30.11 18:04:44 GATE: Error 126 on loading 'C:\Users\bro\Desktop\CI00078528-D-33-3\Soft\PC_STUB\WIN\updater.dll'
30.11 18:04:44 GATE: Error 126 on loading 'updater.dll' by module
30.11 18:04:44 SBKRNL: Unloaded 'dialog_forms.dll' (71650000)
30.11 18:04:44 SBKRNL: DialogFormsFree() Unload Ok.
30.11 18:04:44 GATE: Unloaded 'sb_kernel.dll' (73C30000)
30.11 18:04:44 LOADPARM: Unloaded 'gate.dll' (73CC0000)
30.11 18:04:53 LOADPARM: Loaded 'gate.dll' (73CC0000)
30.11 18:04:53 GATE: Loaded 'C:\Users\bro\Desktop\CI00078528-D-33-3\Soft\PC_STUB\WIN\sb_kernel.dll' (73C30000)
30.11 18:04:53 SBKRNL: Loaded 'C:\Users\bro\Desktop\CI00078528-D-33-3\Soft\PC_STUB\WIN\dialog_forms.dll' (71650000)
30.11 18:04:53 SBKRNL: MSBuild. Version:33.03.05
30.11 18:04:53 SBKRNL: Port timeouts:4294967295-0-0
30.11 18:04:53 SBKRNL: Open com 19 (115200)
30.11 18:04:53 SBKRNL: Close com 19
30.11 18:04:53 SBKRNL: Command = 11  8 7
30.11 18:04:53 SBKRNL: MSBuild. Version:33.03.05
30.11 18:04:53 SBKRNL: Port timeouts:4294967295-0-0
30.11 18:04:53 SBKRNL: Open com 19 (115200)
30.11 18:04:53 SBKRNL: Pinpad status timeout 0 s
30.11 18:04:53 SBKRNL: WaitPinpadSeconds=0
30.11 18:04:53 SBKRNL: WaitPinpadSeconds=0
30.11 18:04:53 SBKRNL: Start tmo 140200
30.11 18:04:55 SBKRNL: Connecting to 194.54.14.89, port 700
30.11 18:04:55 SBKRNL: Start connection
30.11 18:05:11 SBKRNL: Connect OK
30.11 18:05:12 SBKRNL: Close socket 928
30.11 18:05:13 SBKRNL: Close com 19
30.11 18:05:13 SBKRNL: Result  = 0
30.11 18:05:13 GATE: Error 126 on loading 'C:\Users\bro\Desktop\CI00078528-D-33-3\Soft\PC_STUB\WIN\updater.dll'
30.11 18:05:13 GATE: Error 126 on loading 'updater.dll' by module
30.11 18:05:13 SBKRNL: Unloaded 'dialog_forms.dll' (71650000)
30.11 18:05:13 SBKRNL: DialogFormsFree() Unload Ok.
30.11 18:05:13 GATE: Unloaded 'sb_kernel.dll' (73C30000)
30.11 18:05:13 LOADPARM: Unloaded 'gate.dll' (73CC0000)
30.11 18:05:36 LOADPARM: Loaded 'gate.dll' (73CC0000)
30.11 18:05:36 GATE: Loaded 'C:\Users\bro\Desktop\CI00078528-D-33-3\Soft\PC_STUB\WIN\sb_kernel.dll' (73C30000)
30.11 18:05:36 SBKRNL: Loaded 'C:\Users\bro\Desktop\CI00078528-D-33-3\Soft\PC_STUB\WIN\dialog_forms.dll' (71650000)
30.11 18:05:36 SBKRNL: MSBuild. Version:33.03.05
30.11 18:05:36 SBKRNL: Port timeouts:4294967295-0-0
30.11 18:05:36 SBKRNL: Open com 19 (115200)
30.11 18:05:36 SBKRNL: Close com 19
30.11 18:05:36 SBKRNL: Command = 11  8 7
30.11 18:05:36 SBKRNL: MSBuild. Version:33.03.05
30.11 18:05:36 SBKRNL: Port timeouts:4294967295-0-0
30.11 18:05:36 SBKRNL: Open com 19 (115200)
30.11 18:05:36 SBKRNL: Pinpad status timeout 0 s
30.11 18:05:36 SBKRNL: WaitPinpadSeconds=0
30.11 18:05:36 SBKRNL: WaitPinpadSeconds=0
30.11 18:05:36 SBKRNL: Start tmo 140200
30.11 18:05:40 SBKRNL: Send abort command
30.11 18:05:41 SBKRNL: Close com 19
30.11 18:05:41 SBKRNL: Clear cheque on error 2000
30.11 18:05:41 SBKRNL: Result  = 2000
30.11 18:05:41 GATE: Error 126 on loading 'C:\Users\bro\Desktop\CI00078528-D-33-3\Soft\PC_STUB\WIN\updater.dll'
30.11 18:05:41 GATE: Error 126 on loading 'updater.dll' by module
30.11 18:05:41 SBKRNL: Unloaded 'dialog_forms.dll' (71650000)
30.11 18:05:41 SBKRNL: DialogFormsFree() Unload Ok.
30.11 18:05:41 GATE: Unloaded 'sb_kernel.dll' (73C30000)
30.11 18:05:41 LOADPARM: Unloaded 'gate.dll' (73CC0000)
30.11 18:05:43 LOADPARM: Loaded 'gate.dll' (73CC0000)
30.11 18:05:43 GATE: Loaded 'C:\Users\bro\Desktop\CI00078528-D-33-3\Soft\PC_STUB\WIN\sb_kernel.dll' (73C30000)
30.11 18:05:43 SBKRNL: Loaded 'C:\Users\bro\Desktop\CI00078528-D-33-3\Soft\PC_STUB\WIN\dialog_forms.dll' (71650000)
30.11 18:05:43 SBKRNL: MSBuild. Version:33.03.05
30.11 18:05:43 SBKRNL: Port timeouts:4294967295-0-0
30.11 18:05:43 SBKRNL: Open com 19 (115200)
30.11 18:05:43 SBKRNL: Close com 19
30.11 18:05:43 SBKRNL: Command = 11  1 7
30.11 18:05:43 SBKRNL: MSBuild. Version:33.03.05
30.11 18:05:43 SBKRNL: Port timeouts:4294967295-0-0
30.11 18:05:43 SBKRNL: Open com 19 (115200)
30.11 18:05:43 SBKRNL: Pinpad status timeout 0 s
30.11 18:05:43 SBKRNL: WaitPinpadSeconds=0
30.11 18:05:43 SBKRNL: WaitPinpadSeconds=0
30.11 18:05:43 SBKRNL: Start tmo 140200
30.11 18:05:44 SBKRNL: Connecting to 194.54.14.89, port 700
30.11 18:05:44 SBKRNL: Start connection
30.11 18:05:44 SBKRNL: Connect OK
30.11 18:05:47 SBKRNL: Close socket 704
30.11 18:05:47 SBKRNL: Close com 19
30.11 18:05:47 SBKRNL: Clear cheque on error 2000
30.11 18:05:47 SBKRNL: Result  = 2000
30.11 18:05:47 GATE: Error 126 on loading 'C:\Users\bro\Desktop\CI00078528-D-33-3\Soft\PC_STUB\WIN\updater.dll'
30.11 18:05:47 GATE: Error 126 on loading 'updater.dll' by module
30.11 18:05:47 SBKRNL: Unloaded 'dialog_forms.dll' (71650000)
30.11 18:05:47 SBKRNL: DialogFormsFree() Unload Ok.
30.11 18:05:47 GATE: Unloaded 'sb_kernel.dll' (73C30000)
30.11 18:05:47 LOADPARM: Unloaded 'gate.dll' (73CC0000)
30.11 18:05:51 LOADPARM: Loaded 'gate.dll' (73CC0000)
30.11 18:05:51 GATE: Loaded 'C:\Users\bro\Desktop\CI00078528-D-33-3\Soft\PC_STUB\WIN\sb_kernel.dll' (73C30000)
30.11 18:05:51 SBKRNL: Loaded 'C:\Users\bro\Desktop\CI00078528-D-33-3\Soft\PC_STUB\WIN\dialog_forms.dll' (71650000)
30.11 18:05:51 SBKRNL: MSBuild. Version:33.03.05
30.11 18:05:51 SBKRNL: Port timeouts:4294967295-0-0
30.11 18:05:51 SBKRNL: Open com 19 (115200)
30.11 18:05:51 SBKRNL: Close com 19
30.11 18:05:51 SBKRNL: Command = 11  1 7
30.11 18:05:51 SBKRNL: MSBuild. Version:33.03.05
30.11 18:05:51 SBKRNL: Port timeouts:4294967295-0-0
30.11 18:05:51 SBKRNL: Open com 19 (115200)
30.11 18:05:51 SBKRNL: Pinpad status timeout 0 s
30.11 18:05:51 SBKRNL: WaitPinpadSeconds=0
30.11 18:05:51 SBKRNL: WaitPinpadSeconds=0
30.11 18:05:51 SBKRNL: Start tmo 140200
30.11 18:05:51 SBKRNL: Connecting to 194.54.14.89, port 700
30.11 18:05:51 SBKRNL: Start connection
30.11 18:05:51 SBKRNL: Connect OK
30.11 18:05:52 SBKRNL: Close socket 932
30.11 18:05:52 SBKRNL: Connecting to 194.54.14.89, port 700
30.11 18:05:52 SBKRNL: Start connection
30.11 18:06:01 SBKRNL: Close socket 988
30.11 18:06:01 SBKRNL: Close com 19
30.11 18:06:01 SBKRNL: Clear cheque on error 2000
30.11 18:06:01 SBKRNL: Result  = 2000
30.11 18:06:01 GATE: Error 126 on loading 'C:\Users\bro\Desktop\CI00078528-D-33-3\Soft\PC_STUB\WIN\updater.dll'
30.11 18:06:01 GATE: Error 126 on loading 'updater.dll' by module
30.11 18:06:01 SBKRNL: Unloaded 'dialog_forms.dll' (71650000)
30.11 18:06:01 SBKRNL: DialogFormsFree() Unload Ok.
30.11 18:06:01 GATE: Unloaded 'sb_kernel.dll' (73C30000)
30.11 18:06:02 LOADPARM: Unloaded 'gate.dll' (73CC0000)
30.11 18:06:18 LOADPARM: Loaded 'gate.dll' (73CC0000)
30.11 18:06:18 GATE: Loaded 'C:\Users\bro\Desktop\CI00078528-D-33-3\Soft\PC_STUB\WIN\sb_kernel.dll' (73C30000)
30.11 18:06:18 SBKRNL: Loaded 'C:\Users\bro\Desktop\CI00078528-D-33-3\Soft\PC_STUB\WIN\dialog_forms.dll' (71650000)
30.11 18:06:18 SBKRNL: MSBuild. Version:33.03.05
30.11 18:06:18 SBKRNL: Port timeouts:4294967295-0-0
30.11 18:06:18 SBKRNL: Open com 19 (115200)
30.11 18:06:18 SBKRNL: Close com 19
30.11 18:06:18 SBKRNL: Command = 11  1 7
30.11 18:06:18 SBKRNL: MSBuild. Version:33.03.05
30.11 18:06:18 SBKRNL: Port timeouts:4294967295-0-0
30.11 18:06:18 SBKRNL: Open com 19 (115200)
30.11 18:06:18 SBKRNL: Pinpad status timeout 0 s
30.11 18:06:18 SBKRNL: WaitPinpadSeconds=0
30.11 18:06:18 SBKRNL: WaitPinpadSeconds=0
30.11 18:06:18 SBKRNL: Start tmo 140200
30.11 18:06:19 SBKRNL: Connecting to 194.54.14.89, port 700
30.11 18:06:19 SBKRNL: Start connection
30.11 18:06:19 SBKRNL: Connect OK
30.11 18:06:52 SBKRNL: Close socket 708
30.11 18:06:52 SBKRNL: Close com 19
30.11 18:06:52 SBKRNL: Clear cheque on error 2000
30.11 18:06:53 SBKRNL: Result  = 2000
30.11 18:06:53 GATE: Error 126 on loading 'C:\Users\bro\Desktop\CI00078528-D-33-3\Soft\PC_STUB\WIN\updater.dll'
30.11 18:06:53 GATE: Error 126 on loading 'updater.dll' by module
30.11 18:06:53 SBKRNL: Unloaded 'dialog_forms.dll' (71650000)
30.11 18:06:53 SBKRNL: DialogFormsFree() Unload Ok.
30.11 18:06:53 GATE: Unloaded 'sb_kernel.dll' (73C30000)
30.11 18:06:53 LOADPARM: Unloaded 'gate.dll' (73CC0000)
30.11 18:07:19 LOADPARM: Loaded 'gate.dll' (73CC0000)
30.11 18:07:19 GATE: Loaded 'C:\Users\bro\Desktop\CI00078528-D-33-3\Soft\PC_STUB\WIN\sb_kernel.dll' (73C30000)
30.11 18:07:19 SBKRNL: Loaded 'C:\Users\bro\Desktop\CI00078528-D-33-3\Soft\PC_STUB\WIN\dialog_forms.dll' (71650000)
30.11 18:07:19 SBKRNL: MSBuild. Version:33.03.05
30.11 18:07:19 SBKRNL: Port timeouts:4294967295-0-0
30.11 18:07:19 SBKRNL: Open com 19 (115200)
30.11 18:07:20 SBKRNL: Close com 19
30.11 18:07:20 SBKRNL: Command = 11  1 7
30.11 18:07:20 SBKRNL: MSBuild. Version:33.03.05
30.11 18:07:20 SBKRNL: Port timeouts:4294967295-0-0
30.11 18:07:20 SBKRNL: Open com 19 (115200)
30.11 18:07:20 SBKRNL: Pinpad status timeout 0 s
30.11 18:07:20 SBKRNL: WaitPinpadSeconds=0
30.11 18:07:20 SBKRNL: WaitPinpadSeconds=0
30.11 18:07:20 SBKRNL: Start tmo 140200
30.11 18:07:20 SBKRNL: Connecting to 194.54.14.89, port 700
30.11 18:07:20 SBKRNL: Start connection
30.11 18:07:20 SBKRNL: Connect OK
30.11 18:07:21 SBKRNL: Close socket 948
30.11 18:07:21 SBKRNL: Connecting to 194.54.14.89, port 700
30.11 18:07:21 SBKRNL: Start connection
30.11 18:07:21 SBKRNL: Connect OK
30.11 18:07:32 SBKRNL: Send biometry command
30.11 18:07:55 SBKRNL: Close socket 948
30.11 18:07:56 SBKRNL: Close com 19
30.11 18:07:56 SBKRNL: Result  = 0
30.11 18:07:56 GATE: Error 126 on loading 'C:\Users\bro\Desktop\CI00078528-D-33-3\Soft\PC_STUB\WIN\updater.dll'
30.11 18:07:56 GATE: Error 126 on loading 'updater.dll' by module
30.11 18:07:56 SBKRNL: Unloaded 'dialog_forms.dll' (71650000)
30.11 18:07:56 SBKRNL: DialogFormsFree() Unload Ok.
30.11 18:07:56 GATE: Unloaded 'sb_kernel.dll' (73C30000)
30.11 18:07:56 LOADPARM: Unloaded 'gate.dll' (73CC0000)
30.11 18:08:07 LOADPARM: Loaded 'gate.dll' (73CC0000)
30.11 18:08:07 GATE: Loaded 'C:\Users\bro\Desktop\CI00078528-D-33-3\Soft\PC_STUB\WIN\sb_kernel.dll' (73C30000)
30.11 18:08:07 SBKRNL: Loaded 'C:\Users\bro\Desktop\CI00078528-D-33-3\Soft\PC_STUB\WIN\dialog_forms.dll' (71650000)
30.11 18:08:07 SBKRNL: MSBuild. Version:33.03.05
30.11 18:08:07 SBKRNL: Port timeouts:4294967295-0-0
30.11 18:08:07 SBKRNL: Open com 19 (115200)
30.11 18:08:07 SBKRNL: Close com 19
30.11 18:08:07 SBKRNL: Command = 11  8 7
30.11 18:08:07 SBKRNL: MSBuild. Version:33.03.05
30.11 18:08:07 SBKRNL: Port timeouts:4294967295-0-0
30.11 18:08:07 SBKRNL: Open com 19 (115200)
30.11 18:08:07 SBKRNL: Pinpad status timeout 0 s
30.11 18:08:07 SBKRNL: WaitPinpadSeconds=0
30.11 18:08:07 SBKRNL: WaitPinpadSeconds=0
30.11 18:08:07 SBKRNL: Start tmo 140200
30.11 18:08:27 SBKRNL: Close com 19
30.11 18:08:27 SBKRNL: Clear cheque on error 2000
30.11 18:08:27 SBKRNL: Result  = 2000
30.11 18:08:27 GATE: Error 126 on loading 'C:\Users\bro\Desktop\CI00078528-D-33-3\Soft\PC_STUB\WIN\updater.dll'
30.11 18:08:27 GATE: Error 126 on loading 'updater.dll' by module
30.11 18:08:27 SBKRNL: Unloaded 'dialog_forms.dll' (71650000)
30.11 18:08:27 SBKRNL: DialogFormsFree() Unload Ok.
30.11 18:08:27 GATE: Unloaded 'sb_kernel.dll' (73C30000)
30.11 18:08:27 LOADPARM: Unloaded 'gate.dll' (73CC0000)
30.11 18:08:32 LOADPARM: Loaded 'gate.dll' (73CC0000)
30.11 18:08:32 GATE: Loaded 'C:\Users\bro\Desktop\CI00078528-D-33-3\Soft\PC_STUB\WIN\sb_kernel.dll' (73C30000)
30.11 18:08:32 SBKRNL: Loaded 'C:\Users\bro\Desktop\CI00078528-D-33-3\Soft\PC_STUB\WIN\dialog_forms.dll' (71650000)
30.11 18:08:32 SBKRNL: MSBuild. Version:33.03.05
30.11 18:08:32 SBKRNL: Port timeouts:4294967295-0-0
30.11 18:08:32 SBKRNL: Open com 19 (115200)
30.11 18:08:32 SBKRNL: Close com 19
30.11 18:08:32 SBKRNL: Command = 11  8 7
30.11 18:08:32 SBKRNL: MSBuild. Version:33.03.05
30.11 18:08:32 SBKRNL: Port timeouts:4294967295-0-0
30.11 18:08:32 SBKRNL: Open com 19 (115200)
30.11 18:08:32 SBKRNL: Pinpad status timeout 0 s
30.11 18:08:32 SBKRNL: WaitPinpadSeconds=0
30.11 18:08:32 SBKRNL: WaitPinpadSeconds=0
30.11 18:08:32 SBKRNL: Start tmo 140200
30.11 18:08:34 SBKRNL: Send biometry command
30.11 18:08:47 SBKRNL: Connecting to 194.54.14.89, port 700
30.11 18:08:47 SBKRNL: Start connection
30.11 18:08:48 SBKRNL: Connect OK
30.11 18:08:59 SBKRNL: Close socket 972
30.11 18:09:00 SBKRNL: Close com 19
30.11 18:09:00 SBKRNL: Result  = 0
30.11 18:09:00 GATE: Error 126 on loading 'C:\Users\bro\Desktop\CI00078528-D-33-3\Soft\PC_STUB\WIN\updater.dll'
30.11 18:09:00 GATE: Error 126 on loading 'updater.dll' by module
30.11 18:09:00 SBKRNL: Unloaded 'dialog_forms.dll' (71650000)
30.11 18:09:00 SBKRNL: DialogFormsFree() Unload Ok.
30.11 18:09:01 GATE: Unloaded 'sb_kernel.dll' (73C30000)
30.11 18:09:01 LOADPARM: Unloaded 'gate.dll' (73CC0000)
30.11 18:09:18 LOADPARM: Loaded 'gate.dll' (73CC0000)
30.11 18:09:18 GATE: Loaded 'C:\Users\bro\Desktop\CI00078528-D-33-3\Soft\PC_STUB\WIN\sb_kernel.dll' (73C30000)
30.11 18:09:18 SBKRNL: Loaded 'C:\Users\bro\Desktop\CI00078528-D-33-3\Soft\PC_STUB\WIN\dialog_forms.dll' (71650000)
30.11 18:09:18 SBKRNL: MSBuild. Version:33.03.05
30.11 18:09:18 SBKRNL: Port timeouts:4294967295-0-0
30.11 18:09:18 SBKRNL: Open com 19 (115200)
30.11 18:09:18 SBKRNL: Close com 19
30.11 18:09:18 SBKRNL: Command = 11  1 7
30.11 18:09:18 SBKRNL: MSBuild. Version:33.03.05
30.11 18:09:18 SBKRNL: Port timeouts:4294967295-0-0
30.11 18:09:18 SBKRNL: Open com 19 (115200)
30.11 18:09:18 SBKRNL: Pinpad status timeout 0 s
30.11 18:09:18 SBKRNL: WaitPinpadSeconds=0
30.11 18:09:18 SBKRNL: WaitPinpadSeconds=0
30.11 18:09:18 SBKRNL: Start tmo 140200
30.11 18:09:19 SBKRNL: Connecting to 194.54.14.89, port 700
30.11 18:09:19 SBKRNL: Start connection
30.11 18:09:19 SBKRNL: Connect OK
30.11 18:09:22 SBKRNL: Send biometry command
30.11 18:09:43 SBKRNL: Close socket 848
30.11 18:09:45 SBKRNL: Close com 19
30.11 18:09:45 SBKRNL: Result  = 0
30.11 18:09:45 GATE: Error 126 on loading 'C:\Users\bro\Desktop\CI00078528-D-33-3\Soft\PC_STUB\WIN\updater.dll'
30.11 18:09:45 GATE: Error 126 on loading 'updater.dll' by module
30.11 18:09:45 SBKRNL: Unloaded 'dialog_forms.dll' (71650000)
30.11 18:09:45 SBKRNL: DialogFormsFree() Unload Ok.
30.11 18:09:45 GATE: Unloaded 'sb_kernel.dll' (73C30000)
30.11 18:09:45 LOADPARM: Unloaded 'gate.dll' (73CC0000)
30.11 18:09:49 LOADPARM: Loaded 'gate.dll' (73CC0000)
30.11 18:09:49 GATE: Loaded 'C:\Users\bro\Desktop\CI00078528-D-33-3\Soft\PC_STUB\WIN\sb_kernel.dll' (73C30000)
30.11 18:09:49 SBKRNL: Loaded 'C:\Users\bro\Desktop\CI00078528-D-33-3\Soft\PC_STUB\WIN\dialog_forms.dll' (71650000)
30.11 18:09:49 SBKRNL: MSBuild. Version:33.03.05
30.11 18:09:49 SBKRNL: Port timeouts:4294967295-0-0
30.11 18:09:49 SBKRNL: Open com 19 (115200)
30.11 18:09:49 SBKRNL: Close com 19
30.11 18:09:49 SBKRNL: Command = 11  8 7
30.11 18:09:49 SBKRNL: MSBuild. Version:33.03.05
30.11 18:09:49 SBKRNL: Port timeouts:4294967295-0-0
30.11 18:09:49 SBKRNL: Open com 19 (115200)
30.11 18:09:49 SBKRNL: Pinpad status timeout 0 s
30.11 18:09:49 SBKRNL: WaitPinpadSeconds=0
30.11 18:09:49 SBKRNL: WaitPinpadSeconds=0
30.11 18:09:49 SBKRNL: Start tmo 140200
30.11 18:09:52 SBKRNL: Send biometry command
30.11 18:10:06 SBKRNL: Connecting to 194.54.14.89, port 700
30.11 18:10:06 SBKRNL: Start connection
30.11 18:10:21 SBKRNL: Connect OK
30.11 18:10:31 SBKRNL: Close socket 956
30.11 18:10:33 SBKRNL: Close com 19
30.11 18:10:33 SBKRNL: Result  = 0
30.11 18:10:33 GATE: Error 126 on loading 'C:\Users\bro\Desktop\CI00078528-D-33-3\Soft\PC_STUB\WIN\updater.dll'
30.11 18:10:33 GATE: Error 126 on loading 'updater.dll' by module
30.11 18:10:33 SBKRNL: Unloaded 'dialog_forms.dll' (71650000)
30.11 18:10:33 SBKRNL: DialogFormsFree() Unload Ok.
30.11 18:10:33 GATE: Unloaded 'sb_kernel.dll' (73C30000)
30.11 18:10:33 LOADPARM: Unloaded 'gate.dll' (73CC0000)
30.11 18:10:44 LOADPARM: Loaded 'gate.dll' (73CC0000)
30.11 18:10:44 GATE: Loaded 'C:\Users\bro\Desktop\CI00078528-D-33-3\Soft\PC_STUB\WIN\sb_kernel.dll' (73C30000)
30.11 18:10:44 SBKRNL: Loaded 'C:\Users\bro\Desktop\CI00078528-D-33-3\Soft\PC_STUB\WIN\dialog_forms.dll' (71650000)
30.11 18:10:44 SBKRNL: MSBuild. Version:33.03.05
30.11 18:10:44 SBKRNL: Port timeouts:4294967295-0-0
30.11 18:10:44 SBKRNL: Open com 19 (115200)
30.11 18:10:44 SBKRNL: Close com 19
30.11 18:10:44 SBKRNL: Command = 11  7
30.11 18:10:44 SBKRNL: Version: 33.03.05
30.11 18:10:44 SBKRNL: MSBuild. Version:33.03.05
30.11 18:10:44 SBKRNL: Port timeouts:4294967295-0-0
30.11 18:10:44 SBKRNL: Open com 19 (115200)
30.11 18:10:44 SBKRNL: Pinpad status timeout 0 s
30.11 18:10:44 SBKRNL: WaitPinpadSeconds=0
30.11 18:10:44 SBKRNL: WaitPinpadSeconds=0
30.11 18:10:44 SBKRNL: Start tmo 140200
30.11 18:10:45 SBKRNL: Connecting to 194.54.14.89, port 700
30.11 18:10:45 SBKRNL: Start connection
30.11 18:10:45 SBKRNL: Connect OK
30.11 18:10:45 SBKRNL: Close socket 672
30.11 18:10:45 SBKRNL: Connecting to 194.54.14.89, port 650
30.11 18:10:45 SBKRNL: Start connection
30.11 18:10:45 SBKRNL: Connect OK
30.11 18:10:46 SBKRNL: RegOpenKeyEx(... SOFTWARE\SBRF\POS\Session ...) =2
30.11 18:10:46 SBKRNL: ClientAddress value (hex) = 
30.11 18:10:46 SBKRNL: Close socket 700
30.11 18:10:47 SBKRNL: Close com 19
30.11 18:10:47 SBKRNL: Result  = 0
30.11 18:10:47 GATE: Error 126 on loading 'C:\Users\bro\Desktop\CI00078528-D-33-3\Soft\PC_STUB\WIN\updater.dll'
30.11 18:10:47 GATE: Error 126 on loading 'updater.dll' by module
30.11 18:10:47 SBKRNL: Unloaded 'dialog_forms.dll' (71650000)
30.11 18:10:47 SBKRNL: DialogFormsFree() Unload Ok.
30.11 18:10:47 GATE: Unloaded 'sb_kernel.dll' (73C30000)
30.11 18:10:47 LOADPARM: Unloaded 'gate.dll' (73CC0000)
30.11 18:11:11 LOADPARM: Loaded 'gate.dll' (73CC0000)
30.11 18:11:11 GATE: Loaded 'C:\Users\bro\Desktop\CI00078528-D-33-3\Soft\PC_STUB\WIN\sb_kernel.dll' (73C30000)
30.11 18:11:11 SBKRNL: Loaded 'C:\Users\bro\Desktop\CI00078528-D-33-3\Soft\PC_STUB\WIN\dialog_forms.dll' (71650000)
30.11 18:11:11 SBKRNL: MSBuild. Version:33.03.05
30.11 18:11:11 SBKRNL: Port timeouts:4294967295-0-0
30.11 18:11:11 SBKRNL: Open com 19 (115200)
30.11 18:11:11 SBKRNL: Close com 19
30.11 18:11:11 SBKRNL: Command = 11  1 7
30.11 18:11:11 SBKRNL: MSBuild. Version:33.03.05
30.11 18:11:11 SBKRNL: Port timeouts:4294967295-0-0
30.11 18:11:11 SBKRNL: Open com 19 (115200)
30.11 18:11:11 SBKRNL: Pinpad status timeout 0 s
30.11 18:11:11 SBKRNL: WaitPinpadSeconds=0
30.11 18:11:11 SBKRNL: WaitPinpadSeconds=0
30.11 18:11:11 SBKRNL: Start tmo 140200
30.11 18:11:11 SBKRNL: Connecting to 194.54.14.89, port 700
30.11 18:11:11 SBKRNL: Start connection
30.11 18:11:12 SBKRNL: Connect OK
30.11 18:11:23 SBKRNL: Close socket 824
30.11 18:11:23 SBKRNL: Close com 19
30.11 18:11:23 SBKRNL: Clear cheque on error 2000
30.11 18:11:23 SBKRNL: Result  = 2000
30.11 18:11:23 GATE: Error 126 on loading 'C:\Users\bro\Desktop\CI00078528-D-33-3\Soft\PC_STUB\WIN\updater.dll'
30.11 18:11:23 GATE: Error 126 on loading 'updater.dll' by module
30.11 18:11:23 SBKRNL: Unloaded 'dialog_forms.dll' (71650000)
30.11 18:11:23 SBKRNL: DialogFormsFree() Unload Ok.
30.11 18:11:23 GATE: Unloaded 'sb_kernel.dll' (73C30000)
30.11 18:11:23 LOADPARM: Unloaded 'gate.dll' (73CC0000)
30.11 19:30:36 LOADPARM: Loaded 'gate.dll' (73800000)
30.11 19:30:36 GATE: Loaded 'C:\Users\bro\Desktop\CI00078528-D-33-3\Soft\PC_STUB\WIN\sb_kernel.dll' (73770000)
30.11 19:30:36 SBKRNL: Loaded 'C:\Users\bro\Desktop\CI00078528-D-33-3\Soft\PC_STUB\WIN\dialog_forms.dll' (71650000)
30.11 19:30:36 SBKRNL: MSBuild. Version:33.03.05
30.11 19:30:36 SBKRNL: Failed to open device \\.\COM19, err 2
30.11 19:30:36 SBKRNL: Start Find COM
30.11 19:30:36 SBKRNL: device VID_11CA&PID_0219 #COM=9 will be checked
30.11 19:30:36 SBKRNL: device VID_05C6&PID_9025 #COM=20 will be skipped
30.11 19:30:36 SBKRNL: device VID_2FB8&PID_1101 #COM=15 will be checked
30.11 19:30:36 SBKRNL: Port timeouts:4294967295-0-0
30.11 19:30:36 SBKRNL: Open com 9 (115200)
30.11 19:30:36 SBKRNL: Find pinpad at 9 port. Update pinpad.ini
30.11 19:30:36 SBKRNL: Command = 11  1 7
30.11 19:30:36 SBKRNL: MSBuild. Version:33.03.05
30.11 19:30:36 SBKRNL: Open com 9 (115200)
30.11 19:30:36 SBKRNL: Pinpad status timeout 3 s
30.11 19:30:36 SBKRNL: WaitPinpadSeconds=0
30.11 19:30:36 SBKRNL: WaitPinpadSeconds=0
30.11 19:30:39 SBKRNL: Start tmo 140200
30.11 19:30:41 SBKRNL: Connecting to 194.54.14.24, port 667
30.11 19:30:41 SBKRNL: Start connection
30.11 19:30:41 SBKRNL: Connect OK
30.11 19:30:42 SBKRNL: Close socket 924
30.11 19:30:43 SBKRNL: Close com 9
30.11 19:30:43 SBKRNL: Result  = 0
30.11 19:30:43 GATE: Error 126 on loading 'C:\Users\bro\Desktop\CI00078528-D-33-3\Soft\PC_STUB\WIN\updater.dll'
30.11 19:30:43 GATE: Error 126 on loading 'updater.dll' by module
30.11 19:30:43 SBKRNL: Unloaded 'dialog_forms.dll' (71650000)
30.11 19:30:43 SBKRNL: DialogFormsFree() Unload Ok.
30.11 19:30:43 GATE: Unloaded 'sb_kernel.dll' (73770000)
30.11 19:30:43 LOADPARM: Unloaded 'gate.dll' (73800000)
30.11 19:30:47 LOADPARM: Loaded 'gate.dll' (73800000)
30.11 19:30:47 GATE: Loaded 'C:\Users\bro\Desktop\CI00078528-D-33-3\Soft\PC_STUB\WIN\sb_kernel.dll' (73770000)
30.11 19:30:47 SBKRNL: Loaded 'C:\Users\bro\Desktop\CI00078528-D-33-3\Soft\PC_STUB\WIN\dialog_forms.dll' (71650000)
30.11 19:30:47 SBKRNL: MSBuild. Version:33.03.05
30.11 19:30:47 SBKRNL: Port timeouts:4294967295-0-0
30.11 19:30:47 SBKRNL: Open com 9 (115200)
30.11 19:30:50 SBKRNL: Close com 9
30.11 19:30:50 SBKRNL: Command = 11  1 7
30.11 19:30:50 SBKRNL: MSBuild. Version:33.03.05
30.11 19:30:50 SBKRNL: Port timeouts:4294967295-0-0
30.11 19:30:50 SBKRNL: Open com 9 (115200)
30.11 19:30:53 SBKRNL: Pinpad status timeout 3 s
30.11 19:30:53 SBKRNL: WaitPinpadSeconds=0
30.11 19:30:53 SBKRNL: WaitPinpadSeconds=0
30.11 19:30:53 SBKRNL: Start tmo 140200
30.11 19:30:55 SBKRNL: Connecting to 194.54.14.24, port 667
30.11 19:30:55 SBKRNL: Start connection
30.11 19:30:55 SBKRNL: Connect OK
30.11 19:30:57 SBKRNL: Close socket 956
30.11 19:30:59 SBKRNL: Close com 9
30.11 19:30:59 SBKRNL: Result  = 0
30.11 19:30:59 GATE: Error 126 on loading 'C:\Users\bro\Desktop\CI00078528-D-33-3\Soft\PC_STUB\WIN\updater.dll'
30.11 19:30:59 GATE: Error 126 on loading 'updater.dll' by module
30.11 19:30:59 SBKRNL: Unloaded 'dialog_forms.dll' (71650000)
30.11 19:30:59 SBKRNL: DialogFormsFree() Unload Ok.
30.11 19:30:59 GATE: Unloaded 'sb_kernel.dll' (73770000)
30.11 19:30:59 LOADPARM: Unloaded 'gate.dll' (73800000)
30.11 19:33:49 LOADPARM: Loaded 'gate.dll' (73CC0000)
30.11 19:33:49 GATE: Loaded 'C:\Users\bro\Desktop\CI00078528-D-33-3\Soft\PC_STUB\WIN\sb_kernel.dll' (73C30000)
30.11 19:33:49 SBKRNL: Loaded 'C:\Users\bro\Desktop\CI00078528-D-33-3\Soft\PC_STUB\WIN\dialog_forms.dll' (71650000)
30.11 19:33:49 SBKRNL: MSBuild. Version:33.03.05
30.11 19:33:49 SBKRNL: Port timeouts:4294967295-0-0
30.11 19:33:49 SBKRNL: Open com 21 (115200)
30.11 19:33:50 SBKRNL: Close com 21
30.11 19:33:50 SBKRNL: Command = 11  1 7
30.11 19:33:50 SBKRNL: MSBuild. Version:33.03.05
30.11 19:33:50 SBKRNL: Port timeouts:4294967295-0-0
30.11 19:33:50 SBKRNL: Open com 21 (115200)
30.11 19:33:50 SBKRNL: Pinpad status timeout 0 s
30.11 19:33:50 SBKRNL: WaitPinpadSeconds=0
30.11 19:33:50 SBKRNL: WaitPinpadSeconds=0
30.11 19:33:51 SBKRNL: Start tmo 140200
30.11 19:33:51 SBKRNL: Connecting to 194.54.14.89, port 700
30.11 19:33:51 SBKRNL: Start connection
30.11 19:33:51 SBKRNL: Connect OK
30.11 19:33:54 SBKRNL: Close socket 1048
30.11 19:33:55 SBKRNL: Connecting to 194.54.14.89, port 700
30.11 19:33:55 SBKRNL: Start connection
30.11 19:33:55 SBKRNL: Connect OK
30.11 19:33:57 SBKRNL: Send biometry command
30.11 19:34:14 SBKRNL: Close socket 1124
30.11 19:34:16 SBKRNL: Close com 21
30.11 19:34:16 SBKRNL: Result  = 0
30.11 19:34:16 GATE: Error 126 on loading 'C:\Users\bro\Desktop\CI00078528-D-33-3\Soft\PC_STUB\WIN\updater.dll'
30.11 19:34:16 GATE: Error 126 on loading 'updater.dll' by module
30.11 19:34:16 SBKRNL: Unloaded 'dialog_forms.dll' (71650000)
30.11 19:34:16 SBKRNL: DialogFormsFree() Unload Ok.
30.11 19:34:16 GATE: Unloaded 'sb_kernel.dll' (73C30000)
30.11 19:34:16 LOADPARM: Unloaded 'gate.dll' (73CC0000)
